<?xml version="1.0" encoding="UTF-8" ?>
<testsuite errors="0" failures="28" hostname="Aubay-AndreFernandes" name="at.tugraz.ist.cc.TypeCheckerPublicTest" skipped="0" tests="36" time="0.239" timestamp="2018-03-17T16:34:10">
  <properties>
[...]
</properties>
  <testcase classname="at.tugraz.ist.cc.TypeCheckerPublicTest" name="testFail01" time="0.005">
    <failure message="expected:&lt;1&gt; but was:&lt;0&gt;" type="junit.framework.AssertionFailedError">junit.framework.AssertionFailedError: expected:&lt;1&gt; but was:&lt;0&gt;
	at at.tugraz.ist.cc.TypeCheckerPublicTest.testFail01(Unknown Source)
</failure>
  </testcase>
  <testcase classname="at.tugraz.ist.cc.TypeCheckerPublicTest" name="testFail02" time="0.0">
    <failure message="expected:&lt;1&gt; but was:&lt;0&gt;" type="junit.framework.AssertionFailedError">junit.framework.AssertionFailedError: expected:&lt;1&gt; but was:&lt;0&gt;
	at at.tugraz.ist.cc.TypeCheckerPublicTest.testFail02(Unknown Source)
</failure>
  </testcase>
  <testcase classname="at.tugraz.ist.cc.TypeCheckerPublicTest" name="testFail03" time="0.0">
    <failure message="expected:&lt;1&gt; but was:&lt;0&gt;" type="junit.framework.AssertionFailedError">junit.framework.AssertionFailedError: expected:&lt;1&gt; but was:&lt;0&gt;
	at at.tugraz.ist.cc.TypeCheckerPublicTest.testFail03(Unknown Source)
</failure>
  </testcase>
  <testcase classname="at.tugraz.ist.cc.TypeCheckerPublicTest" name="testFail04" time="0.0">
    <failure message="expected:&lt;1&gt; but was:&lt;0&gt;" type="junit.framework.AssertionFailedError">junit.framework.AssertionFailedError: expected:&lt;1&gt; but was:&lt;0&gt;
	at at.tugraz.ist.cc.TypeCheckerPublicTest.testFail04(Unknown Source)
</failure>
  </testcase>
  <testcase classname="at.tugraz.ist.cc.TypeCheckerPublicTest" name="testFail05" time="0.001">
    <failure message="expected:&lt;1&gt; but was:&lt;0&gt;" type="junit.framework.AssertionFailedError">junit.framework.AssertionFailedError: expected:&lt;1&gt; but was:&lt;0&gt;
	at at.tugraz.ist.cc.TypeCheckerPublicTest.testFail05(Unknown Source)
</failure>
  </testcase>
  <testcase classname="at.tugraz.ist.cc.TypeCheckerPublicTest" name="testFail06" time="0.001">
    <failure message="expected:&lt;1&gt; but was:&lt;0&gt;" type="junit.framework.AssertionFailedError">junit.framework.AssertionFailedError: expected:&lt;1&gt; but was:&lt;0&gt;
	at at.tugraz.ist.cc.TypeCheckerPublicTest.testFail06(Unknown Source)
</failure>
  </testcase>
  <testcase classname="at.tugraz.ist.cc.TypeCheckerPublicTest" name="testFail07" time="0.0">
    <failure message="expected:&lt;1&gt; but was:&lt;0&gt;" type="junit.framework.AssertionFailedError">junit.framework.AssertionFailedError: expected:&lt;1&gt; but was:&lt;0&gt;
	at at.tugraz.ist.cc.TypeCheckerPublicTest.testFail07(Unknown Source)
</failure>
  </testcase>
  <testcase classname="at.tugraz.ist.cc.TypeCheckerPublicTest" name="testFail08" time="0.0">
    <failure message="expected:&lt;1&gt; but was:&lt;0&gt;" type="junit.framework.AssertionFailedError">junit.framework.AssertionFailedError: expected:&lt;1&gt; but was:&lt;0&gt;
	at at.tugraz.ist.cc.TypeCheckerPublicTest.testFail08(Unknown Source)
</failure>
  </testcase>
  <testcase classname="at.tugraz.ist.cc.TypeCheckerPublicTest" name="testFail09" time="0.001">
    <failure message="expected:&lt;1&gt; but was:&lt;0&gt;" type="junit.framework.AssertionFailedError">junit.framework.AssertionFailedError: expected:&lt;1&gt; but was:&lt;0&gt;
	at at.tugraz.ist.cc.TypeCheckerPublicTest.testFail09(Unknown Source)
</failure>
  </testcase>
  <testcase classname="at.tugraz.ist.cc.TypeCheckerPublicTest" name="testFail10" time="0.001">
    <failure message="expected:&lt;1&gt; but was:&lt;0&gt;" type="junit.framework.AssertionFailedError">junit.framework.AssertionFailedError: expected:&lt;1&gt; but was:&lt;0&gt;
	at at.tugraz.ist.cc.TypeCheckerPublicTest.testFail10(Unknown Source)
</failure>
  </testcase>
  <testcase classname="at.tugraz.ist.cc.TypeCheckerPublicTest" name="testFail11" time="0.0">
    <failure message="expected:&lt;1&gt; but was:&lt;0&gt;" type="junit.framework.AssertionFailedError">junit.framework.AssertionFailedError: expected:&lt;1&gt; but was:&lt;0&gt;
	at at.tugraz.ist.cc.TypeCheckerPublicTest.testFail11(Unknown Source)
</failure>
  </testcase>
  <testcase classname="at.tugraz.ist.cc.TypeCheckerPublicTest" name="testFail12" time="0.0">
    <failure message="expected:&lt;1&gt; but was:&lt;0&gt;" type="junit.framework.AssertionFailedError">junit.framework.AssertionFailedError: expected:&lt;1&gt; but was:&lt;0&gt;
	at at.tugraz.ist.cc.TypeCheckerPublicTest.testFail12(Unknown Source)
</failure>
  </testcase>
  <testcase classname="at.tugraz.ist.cc.TypeCheckerPublicTest" name="testFail13" time="0.0">
    <failure message="expected:&lt;1&gt; but was:&lt;0&gt;" type="junit.framework.AssertionFailedError">junit.framework.AssertionFailedError: expected:&lt;1&gt; but was:&lt;0&gt;
	at at.tugraz.ist.cc.TypeCheckerPublicTest.testFail13(Unknown Source)
</failure>
  </testcase>
  <testcase classname="at.tugraz.ist.cc.TypeCheckerPublicTest" name="testFail14" time="0.0">
    <failure message="expected:&lt;1&gt; but was:&lt;0&gt;" type="junit.framework.AssertionFailedError">junit.framework.AssertionFailedError: expected:&lt;1&gt; but was:&lt;0&gt;
	at at.tugraz.ist.cc.TypeCheckerPublicTest.testFail14(Unknown Source)
</failure>
  </testcase>
  <testcase classname="at.tugraz.ist.cc.TypeCheckerPublicTest" name="testFail15" time="0.001">
    <failure message="expected:&lt;1&gt; but was:&lt;0&gt;" type="junit.framework.AssertionFailedError">junit.framework.AssertionFailedError: expected:&lt;1&gt; but was:&lt;0&gt;
	at at.tugraz.ist.cc.TypeCheckerPublicTest.testFail15(Unknown Source)
</failure>
  </testcase>
  <testcase classname="at.tugraz.ist.cc.TypeCheckerPublicTest" name="testFail16" time="0.001">
    <failure message="expected:&lt;1&gt; but was:&lt;0&gt;" type="junit.framework.AssertionFailedError">junit.framework.AssertionFailedError: expected:&lt;1&gt; but was:&lt;0&gt;
	at at.tugraz.ist.cc.TypeCheckerPublicTest.testFail16(Unknown Source)
</failure>
  </testcase>
  <testcase classname="at.tugraz.ist.cc.TypeCheckerPublicTest" name="testFail17" time="0.0">
    <failure message="expected:&lt;1&gt; but was:&lt;0&gt;" type="junit.framework.AssertionFailedError">junit.framework.AssertionFailedError: expected:&lt;1&gt; but was:&lt;0&gt;
	at at.tugraz.ist.cc.TypeCheckerPublicTest.testFail17(Unknown Source)
</failure>
  </testcase>
  <testcase classname="at.tugraz.ist.cc.TypeCheckerPublicTest" name="testFail18" time="0.0">
    <failure message="expected:&lt;1&gt; but was:&lt;0&gt;" type="junit.framework.AssertionFailedError">junit.framework.AssertionFailedError: expected:&lt;1&gt; but was:&lt;0&gt;
	at at.tugraz.ist.cc.TypeCheckerPublicTest.testFail18(Unknown Source)
</failure>
  </testcase>
  <testcase classname="at.tugraz.ist.cc.TypeCheckerPublicTest" name="testFail19" time="0.001">
    <failure message="expected:&lt;1&gt; but was:&lt;0&gt;" type="junit.framework.AssertionFailedError">junit.framework.AssertionFailedError: expected:&lt;1&gt; but was:&lt;0&gt;
	at at.tugraz.ist.cc.TypeCheckerPublicTest.testFail19(Unknown Source)
</failure>
  </testcase>
  <testcase classname="at.tugraz.ist.cc.TypeCheckerPublicTest" name="testFail20" time="0.001">
    <failure message="expected:&lt;1&gt; but was:&lt;0&gt;" type="junit.framework.AssertionFailedError">junit.framework.AssertionFailedError: expected:&lt;1&gt; but was:&lt;0&gt;
	at at.tugraz.ist.cc.TypeCheckerPublicTest.testFail20(Unknown Source)
</failure>
  </testcase>
  <testcase classname="at.tugraz.ist.cc.TypeCheckerPublicTest" name="testFail21" time="0.0">
    <failure message="expected:&lt;1&gt; but was:&lt;0&gt;" type="junit.framework.AssertionFailedError">junit.framework.AssertionFailedError: expected:&lt;1&gt; but was:&lt;0&gt;
	at at.tugraz.ist.cc.TypeCheckerPublicTest.testFail21(Unknown Source)
</failure>
  </testcase>
  <testcase classname="at.tugraz.ist.cc.TypeCheckerPublicTest" name="testFail22" time="0.001">
    <failure message="expected:&lt;1&gt; but was:&lt;0&gt;" type="junit.framework.AssertionFailedError">junit.framework.AssertionFailedError: expected:&lt;1&gt; but was:&lt;0&gt;
	at at.tugraz.ist.cc.TypeCheckerPublicTest.testFail22(Unknown Source)
</failure>
  </testcase>
  <testcase classname="at.tugraz.ist.cc.TypeCheckerPublicTest" name="testFail23" time="0.001">
    <failure message="expected:&lt;1&gt; but was:&lt;0&gt;" type="junit.framework.AssertionFailedError">junit.framework.AssertionFailedError: expected:&lt;1&gt; but was:&lt;0&gt;
	at at.tugraz.ist.cc.TypeCheckerPublicTest.testFail23(Unknown Source)
</failure>
  </testcase>
  <testcase classname="at.tugraz.ist.cc.TypeCheckerPublicTest" name="testFail24" time="0.0">
    <failure message="expected:&lt;1&gt; but was:&lt;0&gt;" type="junit.framework.AssertionFailedError">junit.framework.AssertionFailedError: expected:&lt;1&gt; but was:&lt;0&gt;
	at at.tugraz.ist.cc.TypeCheckerPublicTest.testFail24(Unknown Source)
</failure>
  </testcase>
  <testcase classname="at.tugraz.ist.cc.TypeCheckerPublicTest" name="testFail25" time="0.0">
    <failure message="expected:&lt;1&gt; but was:&lt;0&gt;" type="junit.framework.AssertionFailedError">junit.framework.AssertionFailedError: expected:&lt;1&gt; but was:&lt;0&gt;
	at at.tugraz.ist.cc.TypeCheckerPublicTest.testFail25(Unknown Source)
</failure>
  </testcase>
  <testcase classname="at.tugraz.ist.cc.TypeCheckerPublicTest" name="testFail26" time="0.0">
    <failure message="expected:&lt;1&gt; but was:&lt;0&gt;" type="junit.framework.AssertionFailedError">junit.framework.AssertionFailedError: expected:&lt;1&gt; but was:&lt;0&gt;
	at at.tugraz.ist.cc.TypeCheckerPublicTest.testFail26(Unknown Source)
</failure>
  </testcase>
  <testcase classname="at.tugraz.ist.cc.TypeCheckerPublicTest" name="testFail27" time="0.0">
    <failure message="expected:&lt;1&gt; but was:&lt;0&gt;" type="junit.framework.AssertionFailedError">junit.framework.AssertionFailedError: expected:&lt;1&gt; but was:&lt;0&gt;
	at at.tugraz.ist.cc.TypeCheckerPublicTest.testFail27(Unknown Source)
</failure>
  </testcase>
  <testcase classname="at.tugraz.ist.cc.TypeCheckerPublicTest" name="testFail28" time="0.0">
    <failure message="expected:&lt;1&gt; but was:&lt;0&gt;" type="junit.framework.AssertionFailedError">junit.framework.AssertionFailedError: expected:&lt;1&gt; but was:&lt;0&gt;
	at at.tugraz.ist.cc.TypeCheckerPublicTest.testFail28(Unknown Source)
</failure>
  </testcase>
  <testcase classname="at.tugraz.ist.cc.TypeCheckerPublicTest" name="testPass01" time="0.0" />
  <testcase classname="at.tugraz.ist.cc.TypeCheckerPublicTest" name="testPass02" time="0.0" />
  <testcase classname="at.tugraz.ist.cc.TypeCheckerPublicTest" name="testPass03" time="0.0" />
  <testcase classname="at.tugraz.ist.cc.TypeCheckerPublicTest" name="testPass04" time="0.0" />
  <testcase classname="at.tugraz.ist.cc.TypeCheckerPublicTest" name="testPass05" time="0.0" />
  <testcase classname="at.tugraz.ist.cc.TypeCheckerPublicTest" name="testPass06" time="0.0" />
  <testcase classname="at.tugraz.ist.cc.TypeCheckerPublicTest" name="testPass07" time="0.0" />
  <testcase classname="at.tugraz.ist.cc.TypeCheckerPublicTest" name="testPass08" time="0.0" />
  <system-out><![CDATA[]]></system-out>
  <system-err><![CDATA[]]></system-err>
</testsuite>
