<?xml version="1.0" encoding="UTF-8" ?>
<testsuite errors="0" failures="33" hostname="Aubay-AndreFernandes" name="at.tugraz.ist.cc.LexicalAndSyntaxPublicTest" skipped="0" tests="47" time="0.634" timestamp="2018-03-17T16:34:09">
  <properties>
[...]
</properties>
  <testcase classname="at.tugraz.ist.cc.LexicalAndSyntaxPublicTest" name="testParserPass01" time="0.117" />
  <testcase classname="at.tugraz.ist.cc.LexicalAndSyntaxPublicTest" name="testParserPass02" time="0.009" />
  <testcase classname="at.tugraz.ist.cc.LexicalAndSyntaxPublicTest" name="testParserPass03" time="0.006" />
  <testcase classname="at.tugraz.ist.cc.LexicalAndSyntaxPublicTest" name="testParserPass04" time="0.006" />
  <testcase classname="at.tugraz.ist.cc.LexicalAndSyntaxPublicTest" name="testParserPass05" time="0.007" />
  <testcase classname="at.tugraz.ist.cc.LexicalAndSyntaxPublicTest" name="testParserPass06" time="0.005" />
  <testcase classname="at.tugraz.ist.cc.LexicalAndSyntaxPublicTest" name="testParserPass07" time="0.006" />
  <testcase classname="at.tugraz.ist.cc.LexicalAndSyntaxPublicTest" name="testParserPass08" time="0.01" />
  <testcase classname="at.tugraz.ist.cc.LexicalAndSyntaxPublicTest" name="testParserPass09" time="0.006" />
  <testcase classname="at.tugraz.ist.cc.LexicalAndSyntaxPublicTest" name="testParserPass10" time="0.006" />
  <testcase classname="at.tugraz.ist.cc.LexicalAndSyntaxPublicTest" name="testLexerFail01" time="0.003">
    <failure message="expected:&lt;1&gt; but was:&lt;0&gt;" type="junit.framework.AssertionFailedError">junit.framework.AssertionFailedError: expected:&lt;1&gt; but was:&lt;0&gt;
	at at.tugraz.ist.cc.LexicalAndSyntaxPublicTest.testLexerFail01(Unknown Source)
</failure>
  </testcase>
  <testcase classname="at.tugraz.ist.cc.LexicalAndSyntaxPublicTest" name="testLexerFail02" time="0.0">
    <failure message="expected:&lt;1&gt; but was:&lt;0&gt;" type="junit.framework.AssertionFailedError">junit.framework.AssertionFailedError: expected:&lt;1&gt; but was:&lt;0&gt;
	at at.tugraz.ist.cc.LexicalAndSyntaxPublicTest.testLexerFail02(Unknown Source)
</failure>
  </testcase>
  <testcase classname="at.tugraz.ist.cc.LexicalAndSyntaxPublicTest" name="testLexerFail03" time="0.001">
    <failure message="expected:&lt;1&gt; but was:&lt;0&gt;" type="junit.framework.AssertionFailedError">junit.framework.AssertionFailedError: expected:&lt;1&gt; but was:&lt;0&gt;
	at at.tugraz.ist.cc.LexicalAndSyntaxPublicTest.testLexerFail03(Unknown Source)
</failure>
  </testcase>
  <testcase classname="at.tugraz.ist.cc.LexicalAndSyntaxPublicTest" name="testLexerFail04" time="0.0">
    <failure message="expected:&lt;1&gt; but was:&lt;0&gt;" type="junit.framework.AssertionFailedError">junit.framework.AssertionFailedError: expected:&lt;1&gt; but was:&lt;0&gt;
	at at.tugraz.ist.cc.LexicalAndSyntaxPublicTest.testLexerFail04(Unknown Source)
</failure>
  </testcase>
  <testcase classname="at.tugraz.ist.cc.LexicalAndSyntaxPublicTest" name="testLexerFail05" time="0.0">
    <failure message="expected:&lt;1&gt; but was:&lt;0&gt;" type="junit.framework.AssertionFailedError">junit.framework.AssertionFailedError: expected:&lt;1&gt; but was:&lt;0&gt;
	at at.tugraz.ist.cc.LexicalAndSyntaxPublicTest.testLexerFail05(Unknown Source)
</failure>
  </testcase>
  <testcase classname="at.tugraz.ist.cc.LexicalAndSyntaxPublicTest" name="testLexerFail06" time="0.0">
    <failure message="expected:&lt;1&gt; but was:&lt;0&gt;" type="junit.framework.AssertionFailedError">junit.framework.AssertionFailedError: expected:&lt;1&gt; but was:&lt;0&gt;
	at at.tugraz.ist.cc.LexicalAndSyntaxPublicTest.testLexerFail06(Unknown Source)
</failure>
  </testcase>
  <testcase classname="at.tugraz.ist.cc.LexicalAndSyntaxPublicTest" name="testLexerFail07" time="0.0">
    <failure message="expected:&lt;1&gt; but was:&lt;0&gt;" type="junit.framework.AssertionFailedError">junit.framework.AssertionFailedError: expected:&lt;1&gt; but was:&lt;0&gt;
	at at.tugraz.ist.cc.LexicalAndSyntaxPublicTest.testLexerFail07(Unknown Source)
</failure>
  </testcase>
  <testcase classname="at.tugraz.ist.cc.LexicalAndSyntaxPublicTest" name="testLexerFail08" time="0.001">
    <failure message="expected:&lt;1&gt; but was:&lt;0&gt;" type="junit.framework.AssertionFailedError">junit.framework.AssertionFailedError: expected:&lt;1&gt; but was:&lt;0&gt;
	at at.tugraz.ist.cc.LexicalAndSyntaxPublicTest.testLexerFail08(Unknown Source)
</failure>
  </testcase>
  <testcase classname="at.tugraz.ist.cc.LexicalAndSyntaxPublicTest" name="testLexerFail09" time="0.0">
    <failure message="expected:&lt;1&gt; but was:&lt;0&gt;" type="junit.framework.AssertionFailedError">junit.framework.AssertionFailedError: expected:&lt;1&gt; but was:&lt;0&gt;
	at at.tugraz.ist.cc.LexicalAndSyntaxPublicTest.testLexerFail09(Unknown Source)
</failure>
  </testcase>
  <testcase classname="at.tugraz.ist.cc.LexicalAndSyntaxPublicTest" name="testLexerPass01" time="0.0" />
  <testcase classname="at.tugraz.ist.cc.LexicalAndSyntaxPublicTest" name="testLexerPass02" time="0.0" />
  <testcase classname="at.tugraz.ist.cc.LexicalAndSyntaxPublicTest" name="testLexerPass03" time="0.0" />
  <testcase classname="at.tugraz.ist.cc.LexicalAndSyntaxPublicTest" name="testLexerPass04" time="0.0" />
  <testcase classname="at.tugraz.ist.cc.LexicalAndSyntaxPublicTest" name="testParserFail01" time="0.005">
    <failure message="expected:&lt;1&gt; but was:&lt;0&gt;" type="junit.framework.AssertionFailedError">junit.framework.AssertionFailedError: expected:&lt;1&gt; but was:&lt;0&gt;
	at at.tugraz.ist.cc.LexicalAndSyntaxPublicTest.testParserFail01(Unknown Source)
</failure>
  </testcase>
  <testcase classname="at.tugraz.ist.cc.LexicalAndSyntaxPublicTest" name="testParserFail02" time="0.005">
    <failure message="expected:&lt;1&gt; but was:&lt;0&gt;" type="junit.framework.AssertionFailedError">junit.framework.AssertionFailedError: expected:&lt;1&gt; but was:&lt;0&gt;
	at at.tugraz.ist.cc.LexicalAndSyntaxPublicTest.testParserFail02(Unknown Source)
</failure>
  </testcase>
  <testcase classname="at.tugraz.ist.cc.LexicalAndSyntaxPublicTest" name="testParserFail03" time="0.005">
    <failure message="expected:&lt;1&gt; but was:&lt;0&gt;" type="junit.framework.AssertionFailedError">junit.framework.AssertionFailedError: expected:&lt;1&gt; but was:&lt;0&gt;
	at at.tugraz.ist.cc.LexicalAndSyntaxPublicTest.testParserFail03(Unknown Source)
</failure>
  </testcase>
  <testcase classname="at.tugraz.ist.cc.LexicalAndSyntaxPublicTest" name="testParserFail04" time="0.005">
    <failure message="expected:&lt;1&gt; but was:&lt;0&gt;" type="junit.framework.AssertionFailedError">junit.framework.AssertionFailedError: expected:&lt;1&gt; but was:&lt;0&gt;
	at at.tugraz.ist.cc.LexicalAndSyntaxPublicTest.testParserFail04(Unknown Source)
</failure>
  </testcase>
  <testcase classname="at.tugraz.ist.cc.LexicalAndSyntaxPublicTest" name="testParserFail05" time="0.005">
    <failure message="expected:&lt;1&gt; but was:&lt;0&gt;" type="junit.framework.AssertionFailedError">junit.framework.AssertionFailedError: expected:&lt;1&gt; but was:&lt;0&gt;
	at at.tugraz.ist.cc.LexicalAndSyntaxPublicTest.testParserFail05(Unknown Source)
</failure>
  </testcase>
  <testcase classname="at.tugraz.ist.cc.LexicalAndSyntaxPublicTest" name="testParserFail06" time="0.006">
    <failure message="expected:&lt;1&gt; but was:&lt;0&gt;" type="junit.framework.AssertionFailedError">junit.framework.AssertionFailedError: expected:&lt;1&gt; but was:&lt;0&gt;
	at at.tugraz.ist.cc.LexicalAndSyntaxPublicTest.testParserFail06(Unknown Source)
</failure>
  </testcase>
  <testcase classname="at.tugraz.ist.cc.LexicalAndSyntaxPublicTest" name="testParserFail07" time="0.006">
    <failure message="expected:&lt;1&gt; but was:&lt;0&gt;" type="junit.framework.AssertionFailedError">junit.framework.AssertionFailedError: expected:&lt;1&gt; but was:&lt;0&gt;
	at at.tugraz.ist.cc.LexicalAndSyntaxPublicTest.testParserFail07(Unknown Source)
</failure>
  </testcase>
  <testcase classname="at.tugraz.ist.cc.LexicalAndSyntaxPublicTest" name="testParserFail08" time="0.006">
    <failure message="expected:&lt;1&gt; but was:&lt;0&gt;" type="junit.framework.AssertionFailedError">junit.framework.AssertionFailedError: expected:&lt;1&gt; but was:&lt;0&gt;
	at at.tugraz.ist.cc.LexicalAndSyntaxPublicTest.testParserFail08(Unknown Source)
</failure>
  </testcase>
  <testcase classname="at.tugraz.ist.cc.LexicalAndSyntaxPublicTest" name="testParserFail09" time="0.004">
    <failure message="expected:&lt;1&gt; but was:&lt;0&gt;" type="junit.framework.AssertionFailedError">junit.framework.AssertionFailedError: expected:&lt;1&gt; but was:&lt;0&gt;
	at at.tugraz.ist.cc.LexicalAndSyntaxPublicTest.testParserFail09(Unknown Source)
</failure>
  </testcase>
  <testcase classname="at.tugraz.ist.cc.LexicalAndSyntaxPublicTest" name="testParserFail10" time="0.006">
    <failure message="expected:&lt;1&gt; but was:&lt;0&gt;" type="junit.framework.AssertionFailedError">junit.framework.AssertionFailedError: expected:&lt;1&gt; but was:&lt;0&gt;
	at at.tugraz.ist.cc.LexicalAndSyntaxPublicTest.testParserFail10(Unknown Source)
</failure>
  </testcase>
  <testcase classname="at.tugraz.ist.cc.LexicalAndSyntaxPublicTest" name="testParserFail11" time="0.006">
    <failure message="expected:&lt;1&gt; but was:&lt;0&gt;" type="junit.framework.AssertionFailedError">junit.framework.AssertionFailedError: expected:&lt;1&gt; but was:&lt;0&gt;
	at at.tugraz.ist.cc.LexicalAndSyntaxPublicTest.testParserFail11(Unknown Source)
</failure>
  </testcase>
  <testcase classname="at.tugraz.ist.cc.LexicalAndSyntaxPublicTest" name="testParserFail12" time="0.005">
    <failure message="expected:&lt;1&gt; but was:&lt;0&gt;" type="junit.framework.AssertionFailedError">junit.framework.AssertionFailedError: expected:&lt;1&gt; but was:&lt;0&gt;
	at at.tugraz.ist.cc.LexicalAndSyntaxPublicTest.testParserFail12(Unknown Source)
</failure>
  </testcase>
  <testcase classname="at.tugraz.ist.cc.LexicalAndSyntaxPublicTest" name="testParserFail13" time="0.007">
    <failure message="expected:&lt;1&gt; but was:&lt;0&gt;" type="junit.framework.AssertionFailedError">junit.framework.AssertionFailedError: expected:&lt;1&gt; but was:&lt;0&gt;
	at at.tugraz.ist.cc.LexicalAndSyntaxPublicTest.testParserFail13(Unknown Source)
</failure>
  </testcase>
  <testcase classname="at.tugraz.ist.cc.LexicalAndSyntaxPublicTest" name="testParserFail14" time="0.007">
    <failure message="expected:&lt;1&gt; but was:&lt;0&gt;" type="junit.framework.AssertionFailedError">junit.framework.AssertionFailedError: expected:&lt;1&gt; but was:&lt;0&gt;
	at at.tugraz.ist.cc.LexicalAndSyntaxPublicTest.testParserFail14(Unknown Source)
</failure>
  </testcase>
  <testcase classname="at.tugraz.ist.cc.LexicalAndSyntaxPublicTest" name="testParserFail15" time="0.006">
    <failure message="expected:&lt;1&gt; but was:&lt;0&gt;" type="junit.framework.AssertionFailedError">junit.framework.AssertionFailedError: expected:&lt;1&gt; but was:&lt;0&gt;
	at at.tugraz.ist.cc.LexicalAndSyntaxPublicTest.testParserFail15(Unknown Source)
</failure>
  </testcase>
  <testcase classname="at.tugraz.ist.cc.LexicalAndSyntaxPublicTest" name="testParserFail16" time="0.006">
    <failure message="expected:&lt;1&gt; but was:&lt;0&gt;" type="junit.framework.AssertionFailedError">junit.framework.AssertionFailedError: expected:&lt;1&gt; but was:&lt;0&gt;
	at at.tugraz.ist.cc.LexicalAndSyntaxPublicTest.testParserFail16(Unknown Source)
</failure>
  </testcase>
  <testcase classname="at.tugraz.ist.cc.LexicalAndSyntaxPublicTest" name="testParserFail17" time="0.001">
    <failure message="expected:&lt;1&gt; but was:&lt;0&gt;" type="junit.framework.AssertionFailedError">junit.framework.AssertionFailedError: expected:&lt;1&gt; but was:&lt;0&gt;
	at at.tugraz.ist.cc.LexicalAndSyntaxPublicTest.testParserFail17(Unknown Source)
</failure>
  </testcase>
  <testcase classname="at.tugraz.ist.cc.LexicalAndSyntaxPublicTest" name="testParserFail18" time="0.006">
    <failure message="expected:&lt;2&gt; but was:&lt;0&gt;" type="junit.framework.AssertionFailedError">junit.framework.AssertionFailedError: expected:&lt;2&gt; but was:&lt;0&gt;
	at at.tugraz.ist.cc.LexicalAndSyntaxPublicTest.testParserFail18(Unknown Source)
</failure>
  </testcase>
  <testcase classname="at.tugraz.ist.cc.LexicalAndSyntaxPublicTest" name="testParserFail19" time="0.009">
    <failure message="expected:&lt;1&gt; but was:&lt;0&gt;" type="junit.framework.AssertionFailedError">junit.framework.AssertionFailedError: expected:&lt;1&gt; but was:&lt;0&gt;
	at at.tugraz.ist.cc.LexicalAndSyntaxPublicTest.testParserFail19(Unknown Source)
</failure>
  </testcase>
  <testcase classname="at.tugraz.ist.cc.LexicalAndSyntaxPublicTest" name="testParserFail20" time="0.004">
    <failure message="expected:&lt;1&gt; but was:&lt;0&gt;" type="junit.framework.AssertionFailedError">junit.framework.AssertionFailedError: expected:&lt;1&gt; but was:&lt;0&gt;
	at at.tugraz.ist.cc.LexicalAndSyntaxPublicTest.testParserFail20(Unknown Source)
</failure>
  </testcase>
  <testcase classname="at.tugraz.ist.cc.LexicalAndSyntaxPublicTest" name="testParserFail21" time="0.004">
    <failure message="expected:&lt;1&gt; but was:&lt;0&gt;" type="junit.framework.AssertionFailedError">junit.framework.AssertionFailedError: expected:&lt;1&gt; but was:&lt;0&gt;
	at at.tugraz.ist.cc.LexicalAndSyntaxPublicTest.testParserFail21(Unknown Source)
</failure>
  </testcase>
  <testcase classname="at.tugraz.ist.cc.LexicalAndSyntaxPublicTest" name="testParserFail22" time="0.045">
    <failure message="expected:&lt;2&gt; but was:&lt;0&gt;" type="junit.framework.AssertionFailedError">junit.framework.AssertionFailedError: expected:&lt;2&gt; but was:&lt;0&gt;
	at at.tugraz.ist.cc.LexicalAndSyntaxPublicTest.testParserFail22(Unknown Source)
</failure>
  </testcase>
  <testcase classname="at.tugraz.ist.cc.LexicalAndSyntaxPublicTest" name="testParserFail23" time="0.005">
    <failure message="expected:&lt;1&gt; but was:&lt;0&gt;" type="junit.framework.AssertionFailedError">junit.framework.AssertionFailedError: expected:&lt;1&gt; but was:&lt;0&gt;
	at at.tugraz.ist.cc.LexicalAndSyntaxPublicTest.testParserFail23(Unknown Source)
</failure>
  </testcase>
  <testcase classname="at.tugraz.ist.cc.LexicalAndSyntaxPublicTest" name="testParserFail24" time="0.004">
    <failure message="expected:&lt;1&gt; but was:&lt;0&gt;" type="junit.framework.AssertionFailedError">junit.framework.AssertionFailedError: expected:&lt;1&gt; but was:&lt;0&gt;
	at at.tugraz.ist.cc.LexicalAndSyntaxPublicTest.testParserFail24(Unknown Source)
</failure>
  </testcase>
  <system-out><![CDATA[
1: KEY_CLASS CLASS_TYPE '{'
3: ID PRIMITIVE_TYPE ID ';'
4: ID PRIMITIVE_TYPE ID ',' ID ';'
5: ID PRIMITIVE_TYPE ID ',' ID ',' ID ';'
7: ID PRIMITIVE_TYPE ID '()'
8: '{'
9: PRIMITIVE_TYPE ID ';'
10: CLASS_TYPE ID ';'
11: ID ASSIGN NUMBER SIGN ID MULOP NUMBER SIGN ID MULOP ID MULOP NUMBER ';'
12: ID ASSIGN KEY_NEW CLASS_TYPE ';'
13: ID DOTOP ID ASSIGN ID DOTOP ID SIGN ID DOTOP ID '()' ';'
14: ID DOTOP ID ASSIGN KEY_NEW CLASS_TYPE ';'
16: KEY_RETURN NUMBER ';'
17: '}'
18: '}'

1: KEY_CLASS CLASS_TYPE '{'
2: ID PRIMITIVE_TYPE ID '()' '{'
4: ID ASSIGN NUMBER RELOP NUMBER ';'
5: ID ASSIGN NUMBER RELOP NUMBER ';'
6: ID ASSIGN ID RELOP NUMBER ';'
7: ID ASSIGN NUMBER RELOP NUMBER ';'
8: ID ASSIGN NUMBER RELOP ID ';'
10: KEY_RETURN NUMBER ';'
11: '}'
12: '}'

1: KEY_CLASS CLASS_TYPE '{'
2: ID PRIMITIVE_TYPE ID '(' PRIMITIVE_TYPE ID ',' PRIMITIVE_TYPE ID ',' PRIMITIVE_TYPE ID ',' PRIMITIVE_TYPE ID ')'
3: '{'
4: PRIMITIVE_TYPE ID ',' ID ',' ID ',' ID ',' ID ',' ID ';'
5: PRIMITIVE_TYPE ID ',' ID ',' ID ';'
7: PRIMITIVE_TYPE ID ',' ID ';'
10: PRIMITIVE_TYPE ID ',' ID ';'
11: KEY_RETURN NUMBER ';'
12: '}'
13: '}'

1: KEY_CLASS CLASS_TYPE '{'
2: ID PRIMITIVE_TYPE ID '(' PRIMITIVE_TYPE ID ',' PRIMITIVE_TYPE ID ')' '{'
3: PRIMITIVE_TYPE ID ';'
5: KEY_IF '(' ID RELOP NUMBER ')' '{'
6: ID ASSIGN ID ';'
7: '}' KEY_ELSE '{'
8: ID ASSIGN ID '(' ID ',' ID MULOP ID ')' ';'
9: '}'
10: KEY_RETURN ID ';'
11: '}'
13: ID PRIMITIVE_TYPE ID '()' '{'
15: PRIMITIVE_TYPE ID ',' ID ',' ID ';'
16: KEY_RETURN ID '(' LITERAL ',' ID '(' ID ',' ID ')' ')' ';'
17: '}'
18: '}'

1: KEY_CLASS CLASS_TYPE '{'
2: ID CLASS_TYPE ID ';'
4: ID PRIMITIVE_TYPE ID '(' CLASS_TYPE ID ')'
5: '{'
6: ID ASSIGN ID ';'
7: KEY_RETURN BOOL ';'
8: '}'
11: ID PRIMITIVE_TYPE ID '(' PRIMITIVE_TYPE ID ',' PRIMITIVE_TYPE ID ')'
12: '{'
13: KEY_RETURN ID SIGN ID ';'
14: '}'
15: '}'
18: KEY_CLASS CLASS_TYPE
19: '{'
20: ID PRIMITIVE_TYPE ID '()' '{'
21: CLASS_TYPE ID ';'
22: PRIMITIVE_TYPE ID ';'
24: ID ASSIGN KEY_NEW CLASS_TYPE ';'
25: ID ASSIGN ID DOTOP ID '(' ID ')' ';'
26: KEY_RETURN ID DOTOP ID DOTOP ID DOTOP ID DOTOP ID DOTOP ID DOTOP ID DOTOP ID ';'
27: '}'
28: '}'

1: KEY_CLASS CLASS_TYPE
2: '{'
7: '}'
10: KEY_CLASS CLASS_TYPE
11: '{'
12: ID PRIMITIVE_TYPE ID ';'
14: '}'

1: KEY_CLASS CLASS_TYPE '{'
2: ID PRIMITIVE_TYPE ID '(' PRIMITIVE_TYPE ID ',' PRIMITIVE_TYPE ID ',' PRIMITIVE_TYPE ID ',' PRIMITIVE_TYPE ID ')'
3: '{'
4: KEY_RETURN NUMBER ';'
5: '}'
6: '}'

1: KEY_CLASS CLASS_TYPE '{'
3: ID PRIMITIVE_TYPE ID '()'
4: '{'
5: PRIMITIVE_TYPE ID ',' ID ',' ID ';'
7: KEY_IF '(' NUMBER ')'
8: '{'
9: KEY_WHILE '(' BOOL RELOP ID ')'
10: '{'
11: KEY_IF '(' ID ')'
12: '{'
13: KEY_WHILE '(' BOOL ')'
14: '{'
15: ID ASSIGN ID ';'
16: '}'
17: ID ASSIGN ID ';'
18: '}'
19: ID ASSIGN ID ';'
20: '}'
21: ID ASSIGN ID ';'
22: '}'
23: KEY_ELSE
24: '{'
25: ID ASSIGN ID ';'
26: KEY_WHILE '(' NUMBER ')'
27: '{'
28: ID ASSIGN ID ';'
29: '}'
30: ID ASSIGN ID ';'
31: '}'
32: ID ASSIGN ID ';'
33: KEY_RETURN NUMBER ';'
34: '}'
35: '}'

1: KEY_CLASS CLASS_TYPE '{'
3: ID PRIMITIVE_TYPE ID ';'
4: ID PRIMITIVE_TYPE ID ';'
5: ID PRIMITIVE_TYPE ID ',' ID ',' ID ';'
6: ID PRIMITIVE_TYPE ID ';'
8: ID PRIMITIVE_TYPE ID '()'
9: '{'
11: KEY_RETURN NUMBER ';'
12: '}'
13: '}'

1: KEY_CLASS CLASS_TYPE '{'
3: ID PRIMITIVE_TYPE ID ';'
4: ID PRIMITIVE_TYPE ID ',' ID ';'
5: ID PRIMITIVE_TYPE ID ',' ID ',' ID ';'
7: ID PRIMITIVE_TYPE ID '()'
8: '{'
9: PRIMITIVE_TYPE ID ';'
10: CLASS_TYPE
11: ID ';'
12: ID ASSIGN NUMBER
13: SIGN ID MULOP NUMBER SIGN
15: ID MULOP
17: ID MULOP NUMBER ';'
18: ID ASSIGN KEY_NEW
19: CLASS_TYPE ';'
20: ID DOTOP ID ASSIGN ID DOTOP ID SIGN
21: ID DOTOP ID '()' ';'
22: ID DOTOP ID ASSIGN KEY_NEW CLASS_TYPE ';'
24: KEY_RETURN NUMBER ';'
25: '}'
26: '}'

1: KEY_CLASS CLASS_TYPE '{'
2: ID PRIMITIVE_TYPE ID '()'
3: '{'
4: PRIMITIVE_TYPE ID ',' ID ',' ID ';'
5: PRIMITIVE_TYPE ';'
6: PRIMITIVE_TYPE ID ';'
8: ID ASSIGN NUMBER ';'
9: ID ASSIGN LITERAL ';'
10: ID ASSIGN ID ';'
12: KEY_RETURN ID ';'
13: '}'
14: '}'

1: KEY_CLASS CLASS_TYPE '{'
2: ID PRIMITIVE_TYPE ID '()'
3: '{'
4: PRIMITIVE_TYPE ID ',' ID ',' ID ';'
5: PRIMITIVE_TYPE ID ';'
7: ID ASSIGN NUMBER ';'
8: ID ASSIGN LITERAL ';'
9: ID NUMBER ';'
10: ID ASSIGN ID ';'
12: KEY_RETURN ID ';'
13: '}'
14: '}'

1: KEY_CLASS CLASS_TYPE '{'
5: ID PRIMITIVE_TYPE ID '(' ID RELOP NUMBER ID ')'
6: '{'
7: KEY_RETURN NUMBER ';'
8: '}'
9: '}'

1: KEY_CLASS CLASS_TYPE
2: '{'
3: ID PRIMITIVE_TYPE ID '(' PRIMITIVE_TYPE ID ',' PRIMITIVE_TYPE ID ')' '{'
4: PRIMITIVE_TYPE ID ';'
5: PRIMITIVE_TYPE ID ';' ID ',' ID ';'
6: KEY_RETURN ID ';'
7: '}'
8: '}'

1: KEY_CLASS CLASS_TYPE
2: '{'
3: ID PRIMITIVE_TYPE ID '(' PRIMITIVE_TYPE ID ',' PRIMITIVE_TYPE ID ')' '{'
4: PRIMITIVE_TYPE ID ';'
5: KEY_RETURN ID ';'
6: '}'
8: PRIMITIVE_TYPE ID '()' '{'
9: KEY_RETURN NUMBER ';'
10: '}'

1: KEY_CLASS CLASS_TYPE '{'
2: ID PRIMITIVE_TYPE ID '()' '{'
4: ID ASSIGN NUMBER
6: ID ASSIGN NUMBER ';'
8: KEY_RETURN NUMBER ';'
9: '}'
10: '}'

1: KEY_CLASS CLASS_TYPE '{'
2: ID PRIMITIVE_TYPE ID '()' '{'
4: ID ASSIGN NUMBER ';'
6: ID ASSIGN NUMBER MULOP NUMBER SIGN NUMBER MULOP MULOP NUMBER ';'
8: KEY_RETURN NUMBER ';'
9: '}'
10: '}'

1: KEY_CLASS CLASS_TYPE '{'
2: ID PRIMITIVE_TYPE ID '()' '{'
4: ID ASSIGN NUMBER ';'
6: ID ASSIGN '(' NUMBER SIGN ')' INT ';'
8: KEY_RETURN NUMBER ';'
9: '}'
10: '}'

1: KEY_CLASS CLASS_TYPE '{'
2: ID PRIMITIVE_TYPE ID '()' '{'
4: ID ASSIGN NUMBER ';'
6: '}'
7: '}'

1: KEY_CLASS CLASS_TYPE '{'
2: ID PRIMITIVE_TYPE ID '()' '{'
3: ID ASSIGN DECIMAL ';'
4: KEY_RETURN NUMBER ';'
5: '}'
6: '}'

1: KEY_CLASS CLASS_TYPE '{'
2: ID PRIMITIVE_TYPE ID '()' '{'
3: ID ASSIGN DECIMAL ';'
4: KEY_RETURN ID ';'
5: '}'
6: '}'

1: KEY_CLASS CLASS_TYPE
2: '{'
3: PRIMITIVE_TYPE ID ',' ID ',' ID ',' ID ',' ID ';'
5: ID PRIMITIVE_TYPE ID '()'
6: '{'
7: KEY_RETURN ID ';'
8: '}'
10: '}'

1: KEY_CLASS CLASS_TYPE
2: '{'
4: ID PRIMITIVE_TYPE ID '()'
5: '{'
6: KEY_RETURN ID ';'
7: '}'
10: KEY_CLASS CLASS_TYPE '{'
11: ID PRIMITIVE_TYPE ID '()'
12: '{'
13: KEY_RETURN NUMBER ';'
14: '}'
15: '}'

1: KEY_CLASS CLASS_TYPE
2: '{'
3: ID PRIMITIVE_TYPE ID '()'
4: '{'
5: KEY_RETURN ID ';'
6: '}'
7: '}'
9: KEY_CLASS CLASS_TYPE '{'
10: ID PRIMITIVE_TYPE ID '()'
11: '{'
12: KEY_WHILE '()'
13: '{'
14: ID ASSIGN NUMBER ';'
15: '}'
16: KEY_RETURN ID ';'
17: '}'
18: '}'

1: KEY_CLASS CLASS_TYPE
2: '{'
3: ID PRIMITIVE_TYPE ID '()'
4: '{'
5: KEY_RETURN ID ';'
6: '}'
7: '}'
8: KEY_CLASS CLASS_TYPE '{'
9: ID PRIMITIVE_TYPE ID '()'
10: '{'
12: KEY_IF '(' ID RELOP NUMBER ')'
13: KEY_RETURN ID ';'
14: '}'
15: '}'

1: KEY_CLASS CLASS_TYPE
2: '{'
3: ID PRIMITIVE_TYPE ID '()'
4: '{'
5: KEY_RETURN ID ';'
6: '}'
7: '}'
8: KEY_CLASS CLASS_TYPE '{'
9: ID PRIMITIVE_TYPE ID '()'
10: '{'
12: KEY_WHILE '(' ID '()' DOTOP ID ')'
13: '{'
14: ID ASSIGN NUMBER ';'
15: '}'
17: KEY_RETURN ID ';'
18: '}'
19: '}'


1: KEY_CLASS CLASS_TYPE '{'
2: ID CLASS_TYPE ID ';'
4: ID PRIMITIVE_TYPE ID '(' CLASS_TYPE ID ')'
5: '{'
6: ID ASSIGN ID ';'
7: KEY_RETURN BOOL ';'
8: '}'
9: '}'
12: KEY_CLASS CLASS_TYPE
13: '{'
14: ID PRIMITIVE_TYPE ID '()' '{'
15: CLASS_TYPE ID ';'
16: PRIMITIVE_TYPE ID ';'
18: ID ASSIGN KEY_NEW CLASS_TYPE ';'
19: ID ASSIGN DOTOP ID DOTOP ID '(' ID ')' ';'
20: KEY_RETURN NUMBER ';'
21: '}'
22: '}'

1: KEY_CLASS CLASS_TYPE '{'
2: ID CLASS_TYPE CLASS_TYPE ';'
4: ID PRIMITIVE_TYPE ID '(' CLASS_TYPE ID ')'
5: '{'
6: CLASS_TYPE ASSIGN ID ';'
7: KEY_RETURN BOOL ';'
8: '}'
9: '}'

1: KEY_CLASS CLASS_TYPE '{'
2: CLASS_TYPE ID ';' ID ';'
3: '}'

1: KEY_CLASS CLASS_TYPE '{'
2: ID CLASS_TYPE ID ',' ';'
3: '}'

1: KEY_CLASS CLASS_TYPE '{'
2: ID CLASS_TYPE ID ';'
4: ID PRIMITIVE_TYPE ID '(' CLASS_TYPE ID ')'
5: '{'
6: ID ASSIGN ID ';'
7: KEY_RETURN BOOL ';'
8: '}'
11: ID PRIMITIVE_TYPE ID '(' PRIMITIVE_TYPE ID ',' PRIMITIVE_TYPE ID ')'
12: '{'
13: KEY_RETURN ID SIGN ID ';'
14: '}'
15: '}'
18: KEY_CLASS CLASS_TYPE
19: '{'
20: ID PRIMITIVE_TYPE ID '()' '{'
21: CLASS_TYPE ID ';'
22: PRIMITIVE_TYPE ID ';'
24: ID ASSIGN KEY_NEW CLASS_TYPE ';'
25: ID ASSIGN ID DOTOP ID ID ')' ';'
26: KEY_RETURN ID DOTOP ID DOTOP ID DOTOP ID DOTOP ID DOTOP ID DOTOP ID DOTOP ID ';'
27: '}'
28: '}'

1: KEY_CLASS CLASS_TYPE '{'
3: ID PRIMITIVE_TYPE ID '(' PRIMITIVE_TYPE CLASS_TYPE ',' PRIMITIVE_TYPE CLASS_TYPE ',' PRIMITIVE_TYPE CLASS_TYPE ')'
4: '{'
5: KEY_RETURN NUMBER ';'
6: '}'
7: '}'

1: KEY_CLASS CLASS_TYPE '{'
3: ID PRIMITIVE_TYPE ID '()'
4: '{'
5: PRIMITIVE_TYPE ID ';'
6: CLASS_TYPE ID ';'
7: KEY_NEW CLASS_TYPE ASSIGN KEY_NEW CLASS_TYPE ';'
9: KEY_RETURN NUMBER ';'
10: '}'
11: '}'
]]></system-out>
  <system-err><![CDATA[line 1:5 token recognition error at: ' '
line 1:10 token recognition error at: ' '
line 3:7 token recognition error at: ' '
line 3:11 token recognition error at: ' '
line 4:7 token recognition error at: ' '
line 4:12 token recognition error at: ' '
line 4:17 token recognition error at: ' '
line 5:6 token recognition error at: ' '
line 5:13 token recognition error at: ' '
line 5:19 token recognition error at: ' '
line 5:25 token recognition error at: ' '
line 7:0 token recognition error at: ' '
line 7:1 token recognition error at: ' '
line 7:8 token recognition error at: ' '
line 7:12 token recognition error at: ' '
line 7:19 token recognition error at: ' '
line 8:0 token recognition error at: ' '
line 8:1 token recognition error at: ' '
line 9:0 token recognition error at: ' '
line 9:1 token recognition error at: ' '
line 9:2 token recognition error at: ' '
line 9:3 token recognition error at: ' '
line 9:7 token recognition error at: ' '
line 10:0 token recognition error at: ' '
line 10:1 token recognition error at: ' '
line 10:2 token recognition error at: ' '
line 10:3 token recognition error at: ' '
line 10:8 token recognition error at: ' '
line 11:0 token recognition error at: ' '
line 11:1 token recognition error at: ' '
line 11:2 token recognition error at: ' '
line 11:3 token recognition error at: ' '
line 11:5 token recognition error at: ' '
line 11:7 token recognition error at: ' '
line 11:11 token recognition error at: ' '
line 11:13 token recognition error at: ' '
line 11:15 token recognition error at: ' '
line 11:17 token recognition error at: ' '
line 11:19 token recognition error at: ' '
line 11:21 token recognition error at: ' '
line 11:23 token recognition error at: ' '
line 11:25 token recognition error at: ' '
line 12:0 token recognition error at: ' '
line 12:1 token recognition error at: ' '
line 12:2 token recognition error at: ' '
line 12:3 token recognition error at: ' '
line 12:5 token recognition error at: ' '
line 12:7 token recognition error at: ' '
line 12:11 token recognition error at: ' '
line 13:0 token recognition error at: ' '
line 13:1 token recognition error at: ' '
line 13:2 token recognition error at: ' '
line 13:3 token recognition error at: ' '
line 13:9 token recognition error at: ' '
line 13:11 token recognition error at: ' '
line 13:17 token recognition error at: ' '
line 13:19 token recognition error at: ' '
line 14:0 token recognition error at: ' '
line 14:1 token recognition error at: ' '
line 14:2 token recognition error at: ' '
line 14:3 token recognition error at: ' '
line 14:9 token recognition error at: ' '
line 14:11 token recognition error at: ' '
line 14:15 token recognition error at: ' '
line 15:0 token recognition error at: ' '
line 15:1 token recognition error at: ' '
line 15:2 token recognition error at: ' '
line 15:3 token recognition error at: ' '
line 16:0 token recognition error at: ' '
line 16:1 token recognition error at: ' '
line 16:2 token recognition error at: ' '
line 16:3 token recognition error at: ' '
line 16:10 token recognition error at: ' '
line 17:0 token recognition error at: ' '
line 17:1 token recognition error at: ' '
line 1:12 no viable alternative at input '\r'
line 17:3 no viable alternative at input '\r'
line 1:5 token recognition error at: ' '
line 1:11 token recognition error at: ' '
line 2:6 token recognition error at: ' '
line 2:10 token recognition error at: ' '
line 2:18 token recognition error at: ' '
line 4:0 token recognition error at: ' '
line 4:1 token recognition error at: ' '
line 4:3 token recognition error at: ' '
line 4:5 token recognition error at: ' '
line 5:0 token recognition error at: ' '
line 5:1 token recognition error at: ' '
line 5:3 token recognition error at: ' '
line 5:5 token recognition error at: ' '
line 5:7 token recognition error at: ' '
line 6:0 token recognition error at: ' '
line 6:1 token recognition error at: ' '
line 6:3 token recognition error at: ' '
line 6:5 token recognition error at: ' '
line 7:0 token recognition error at: ' '
line 7:1 token recognition error at: ' '
line 7:3 token recognition error at: ' '
line 7:5 token recognition error at: ' '
line 8:0 token recognition error at: ' '
line 8:1 token recognition error at: ' '
line 8:3 token recognition error at: ' '
line 8:5 token recognition error at: ' '
line 9:0 token recognition error at: ' '
line 9:1 token recognition error at: ' '
line 10:0 token recognition error at: ' '
line 10:1 token recognition error at: ' '
line 10:8 token recognition error at: ' '
line 1:13 no viable alternative at input '\r'
line 11:1 no viable alternative at input '\r'
line 1:5 token recognition error at: ' '
line 1:11 token recognition error at: ' '
line 2:6 token recognition error at: ' '
line 2:10 token recognition error at: ' '
line 2:18 token recognition error at: ' '
line 2:24 token recognition error at: ' '
line 2:31 token recognition error at: ' '
line 2:36 token recognition error at: ' '
line 2:41 token recognition error at: ' '
line 2:42 token recognition error at: ' '
line 2:53 token recognition error at: ' '
line 4:3 token recognition error at: ' '
line 4:5 token recognition error at: ' '
line 4:7 token recognition error at: ' '
line 4:12 token recognition error at: ' '
line 4:14 token recognition error at: ' '
line 4:16 token recognition error at: ' '
line 4:17 token recognition error at: ' '
line 4:19 token recognition error at: ' '
line 4:20 token recognition error at: ' '
line 5:3 token recognition error at: ' '
line 5:6 token recognition error at: ' '
line 5:7 token recognition error at: ' '
line 5:10 token recognition error at: ' '
line 5:11 token recognition error at: ' '
line 5:12 token recognition error at: ' '
line 7:6 token recognition error at: ' '
line 7:9 token recognition error at: ' '
line 10:4 token recognition error at: ' '
line 10:7 token recognition error at: ' '
line 11:6 token recognition error at: ' '
line 1:13 no viable alternative at input '\r'
line 12:1 no viable alternative at input '\r'
line 1:5 token recognition error at: ' '
line 1:11 token recognition error at: ' '
line 2:6 token recognition error at: ' '
line 2:10 token recognition error at: ' '
line 2:18 token recognition error at: ' '
line 2:21 token recognition error at: ' '
line 2:25 token recognition error at: ' '
line 3:0 token recognition error at: ' '
line 3:1 token recognition error at: ' '
line 3:5 token recognition error at: ' '
line 5:0 token recognition error at: ' '
line 5:1 token recognition error at: ' '
line 5:6 token recognition error at: ' '
line 5:9 token recognition error at: ' '
line 6:0 token recognition error at: ' '
line 6:1 token recognition error at: ' '
line 6:2 token recognition error at: ' '
line 6:3 token recognition error at: ' '
line 6:10 token recognition error at: ' '
line 6:12 token recognition error at: ' '
line 7:0 token recognition error at: ' '
line 7:1 token recognition error at: ' '
line 7:3 token recognition error at: ' '
line 7:8 token recognition error at: ' '
line 8:0 token recognition error at: ' '
line 8:1 token recognition error at: ' '
line 8:2 token recognition error at: ' '
line 8:3 token recognition error at: ' '
line 8:10 token recognition error at: ' '
line 8:12 token recognition error at: ' '
line 8:19 token recognition error at: ' '
line 8:21 token recognition error at: ' '
line 8:23 token recognition error at: ' '
line 9:0 token recognition error at: ' '
line 9:1 token recognition error at: ' '
line 10:0 token recognition error at: ' '
line 10:1 token recognition error at: ' '
line 10:8 token recognition error at: ' '
line 13:6 token recognition error at: ' '
line 13:10 token recognition error at: ' '
line 15:0 token recognition error at: ' '
line 15:1 token recognition error at: ' '
line 15:5 token recognition error at: ' '
line 15:8 token recognition error at: ' '
line 16:0 token recognition error at: ' '
line 16:1 token recognition error at: ' '
line 16:8 token recognition error at: ' '
line 16:21 token recognition error at: ' '
line 16:28 token recognition error at: ' '
line 1:13 no viable alternative at input '\r'
line 7:4 no viable alternative at input 'else'
line 1:5 token recognition error at: ' '
line 1:11 token recognition error at: ' '
line 2:0 token recognition error at: ' '
line 2:1 token recognition error at: ' '
line 2:8 token recognition error at: ' '
line 2:14 token recognition error at: ' '
line 3:0 token recognition error at: ' '
line 3:1 token recognition error at: ' '
line 4:0 token recognition error at: ' '
line 4:1 token recognition error at: ' '
line 4:8 token recognition error at: ' '
line 4:13 token recognition error at: ' '
line 4:24 token recognition error at: ' '
line 5:0 token recognition error at: ' '
line 5:1 token recognition error at: ' '
line 6:0 token recognition error at: ' '
line 6:1 token recognition error at: ' '
line 6:2 token recognition error at: ' '
line 6:3 token recognition error at: ' '
line 6:8 token recognition error at: ' '
line 6:10 token recognition error at: ' '
line 7:0 token recognition error at: ' '
line 7:1 token recognition error at: ' '
line 7:2 token recognition error at: ' '
line 7:3 token recognition error at: ' '
line 7:10 token recognition error at: ' '
line 8:0 token recognition error at: ' '
line 8:1 token recognition error at: ' '
line 9:0 token recognition error at: ' '
line 9:1 token recognition error at: ' '
line 10:0 token recognition error at: ' '
line 10:1 token recognition error at: ' '
line 11:0 token recognition error at: ' '
line 11:1 token recognition error at: ' '
line 11:8 token recognition error at: ' '
line 11:12 token recognition error at: ' '
line 11:22 token recognition error at: ' '
line 11:25 token recognition error at: ' '
line 11:29 token recognition error at: ' '
line 12:0 token recognition error at: ' '
line 12:1 token recognition error at: ' '
line 13:0 token recognition error at: ' '
line 13:1 token recognition error at: ' '
line 13:2 token recognition error at: ' '
line 13:3 token recognition error at: ' '
line 13:4 token recognition error at: ' '
line 13:11 token recognition error at: ' '
line 14:0 token recognition error at: ' '
line 14:1 token recognition error at: ' '
line 18:5 token recognition error at: ' '
line 20:0 token recognition error at: ' '
line 20:1 token recognition error at: ' '
line 20:8 token recognition error at: ' '
line 20:12 token recognition error at: ' '
line 21:0 token recognition error at: ' '
line 21:1 token recognition error at: ' '
line 21:2 token recognition error at: ' '
line 21:3 token recognition error at: ' '
line 21:9 token recognition error at: ' '
line 22:0 token recognition error at: ' '
line 22:1 token recognition error at: ' '
line 22:2 token recognition error at: ' '
line 22:3 token recognition error at: ' '
line 22:7 token recognition error at: ' '
line 23:0 token recognition error at: ' '
line 23:1 token recognition error at: ' '
line 23:2 token recognition error at: ' '
line 23:3 token recognition error at: ' '
line 24:0 token recognition error at: ' '
line 24:1 token recognition error at: ' '
line 24:2 token recognition error at: ' '
line 24:3 token recognition error at: ' '
line 24:8 token recognition error at: ' '
line 24:10 token recognition error at: ' '
line 24:14 token recognition error at: ' '
line 25:0 token recognition error at: ' '
line 25:1 token recognition error at: ' '
line 25:2 token recognition error at: ' '
line 25:3 token recognition error at: ' '
line 25:7 token recognition error at: ' '
line 25:9 token recognition error at: ' '
line 26:0 token recognition error at: ' '
line 26:1 token recognition error at: ' '
line 26:2 token recognition error at: ' '
line 26:3 token recognition error at: ' '
line 26:10 token recognition error at: ' '
line 27:0 token recognition error at: ' '
line 27:1 token recognition error at: ' '
line 1:13 no viable alternative at input '\r'
line 8:3 no viable alternative at input '\r'
line 1:5 token recognition error at: ' '
line 1:13 token recognition error at: ' '
line 10:5 token recognition error at: ' '
line 12:0 token recognition error at: ' '
line 12:1 token recognition error at: ' '
line 12:9 token recognition error at: ' '
line 12:13 token recognition error at: ' '
line 1:14 mismatched input '\r' expecting '{'
line 10:9 mismatched input '\r' expecting '{'
line 1:5 token recognition error at: ' '
line 1:11 token recognition error at: ' '
line 2:6 token recognition error at: ' '
line 2:10 token recognition error at: ' '
line 2:18 token recognition error at: ' '
line 2:24 token recognition error at: ' '
line 2:31 token recognition error at: ' '
line 2:36 token recognition error at: ' '
line 2:41 token recognition error at: ' '
line 2:42 token recognition error at: ' '
line 2:53 token recognition error at: ' '
line 4:6 token recognition error at: ' '
line 1:13 no viable alternative at input '\r'
line 5:1 no viable alternative at input '\r'
line 1:5 token recognition error at: ' '
line 1:11 token recognition error at: ' '
line 3:0 token recognition error at: ' '
line 3:1 token recognition error at: ' '
line 3:8 token recognition error at: ' '
line 3:12 token recognition error at: ' '
line 4:0 token recognition error at: ' '
line 4:1 token recognition error at: ' '
line 5:0 token recognition error at: ' '
line 5:1 token recognition error at: ' '
line 5:2 token recognition error at: ' '
line 5:3 token recognition error at: ' '
line 5:7 token recognition error at: ' '
line 6:0 token recognition error at: ' '
line 6:1 token recognition error at: ' '
line 6:2 token recognition error at: ' '
line 6:3 token recognition error at: ' '
line 7:0 token recognition error at: ' '
line 7:1 token recognition error at: ' '
line 7:2 token recognition error at: ' '
line 7:3 token recognition error at: ' '
line 7:4 token recognition error at: ' '
line 8:0 token recognition error at: ' '
line 8:1 token recognition error at: ' '
line 8:2 token recognition error at: ' '
line 8:3 token recognition error at: ' '
line 8:4 token recognition error at: ' '
line 8:5 token recognition error at: ' '
line 9:0 token recognition error at: ' '
line 9:1 token recognition error at: ' '
line 9:2 token recognition error at: ' '
line 9:3 token recognition error at: ' '
line 9:4 token recognition error at: ' '
line 9:5 token recognition error at: ' '
line 9:6 token recognition error at: ' '
line 9:7 token recognition error at: ' '
line 10:0 token recognition error at: ' '
line 10:1 token recognition error at: ' '
line 10:2 token recognition error at: ' '
line 10:3 token recognition error at: ' '
line 10:4 token recognition error at: ' '
line 10:5 token recognition error at: ' '
line 10:6 token recognition error at: ' '
line 10:7 token recognition error at: ' '
line 11:0 token recognition error at: ' '
line 11:1 token recognition error at: ' '
line 11:2 token recognition error at: ' '
line 11:3 token recognition error at: ' '
line 11:4 token recognition error at: ' '
line 11:5 token recognition error at: ' '
line 11:6 token recognition error at: ' '
line 11:7 token recognition error at: ' '
line 11:8 token recognition error at: ' '
line 11:9 token recognition error at: ' '
line 12:0 token recognition error at: ' '
line 12:1 token recognition error at: ' '
line 12:2 token recognition error at: ' '
line 12:3 token recognition error at: ' '
line 12:4 token recognition error at: ' '
line 12:5 token recognition error at: ' '
line 12:6 token recognition error at: ' '
line 12:7 token recognition error at: ' '
line 12:8 token recognition error at: ' '
line 12:9 token recognition error at: ' '
line 13:0 token recognition error at: ' '
line 13:1 token recognition error at: ' '
line 13:2 token recognition error at: ' '
line 13:3 token recognition error at: ' '
line 13:4 token recognition error at: ' '
line 13:5 token recognition error at: ' '
line 13:6 token recognition error at: ' '
line 13:7 token recognition error at: ' '
line 13:8 token recognition error at: ' '
line 13:9 token recognition error at: ' '
line 13:10 token recognition error at: ' '
line 13:11 token recognition error at: ' '
line 14:0 token recognition error at: ' '
line 14:1 token recognition error at: ' '
line 14:2 token recognition error at: ' '
line 14:3 token recognition error at: ' '
line 14:4 token recognition error at: ' '
line 14:5 token recognition error at: ' '
line 14:6 token recognition error at: ' '
line 14:7 token recognition error at: ' '
line 14:8 token recognition error at: ' '
line 14:9 token recognition error at: ' '
line 14:10 token recognition error at: ' '
line 14:11 token recognition error at: ' '
line 14:12 token recognition error at: ' '
line 14:13 token recognition error at: ' '
line 15:0 token recognition error at: ' '
line 15:1 token recognition error at: ' '
line 15:2 token recognition error at: ' '
line 15:3 token recognition error at: ' '
line 15:4 token recognition error at: ' '
line 15:5 token recognition error at: ' '
line 15:6 token recognition error at: ' '
line 15:7 token recognition error at: ' '
line 15:8 token recognition error at: ' '
line 15:9 token recognition error at: ' '
line 15:10 token recognition error at: ' '
line 15:11 token recognition error at: ' '
line 15:12 token recognition error at: ' '
line 15:13 token recognition error at: ' '
line 15:14 token recognition error at: ' '
line 15:15 token recognition error at: ' '
line 15:18 token recognition error at: ' '
line 16:0 token recognition error at: ' '
line 16:1 token recognition error at: ' '
line 16:2 token recognition error at: ' '
line 16:3 token recognition error at: ' '
line 16:4 token recognition error at: ' '
line 16:5 token recognition error at: ' '
line 16:6 token recognition error at: ' '
line 16:7 token recognition error at: ' '
line 16:8 token recognition error at: ' '
line 16:9 token recognition error at: ' '
line 16:10 token recognition error at: ' '
line 16:11 token recognition error at: ' '
line 16:12 token recognition error at: ' '
line 16:13 token recognition error at: ' '
line 17:0 token recognition error at: ' '
line 17:1 token recognition error at: ' '
line 17:2 token recognition error at: ' '
line 17:3 token recognition error at: ' '
line 17:4 token recognition error at: ' '
line 17:5 token recognition error at: ' '
line 17:6 token recognition error at: ' '
line 17:7 token recognition error at: ' '
line 17:8 token recognition error at: ' '
line 17:9 token recognition error at: ' '
line 17:10 token recognition error at: ' '
line 17:11 token recognition error at: ' '
line 17:12 token recognition error at: ' '
line 17:13 token recognition error at: ' '
line 17:16 token recognition error at: ' '
line 18:0 token recognition error at: ' '
line 18:1 token recognition error at: ' '
line 18:2 token recognition error at: ' '
line 18:3 token recognition error at: ' '
line 18:4 token recognition error at: ' '
line 18:5 token recognition error at: ' '
line 18:6 token recognition error at: ' '
line 18:7 token recognition error at: ' '
line 18:8 token recognition error at: ' '
line 18:9 token recognition error at: ' '
line 19:0 token recognition error at: ' '
line 19:1 token recognition error at: ' '
line 19:2 token recognition error at: ' '
line 19:3 token recognition error at: ' '
line 19:4 token recognition error at: ' '
line 19:5 token recognition error at: ' '
line 19:6 token recognition error at: ' '
line 19:7 token recognition error at: ' '
line 19:8 token recognition error at: ' '
line 19:9 token recognition error at: ' '
line 19:12 token recognition error at: ' '
line 20:0 token recognition error at: ' '
line 20:1 token recognition error at: ' '
line 20:2 token recognition error at: ' '
line 20:3 token recognition error at: ' '
line 20:4 token recognition error at: ' '
line 20:5 token recognition error at: ' '
line 20:6 token recognition error at: ' '
line 20:7 token recognition error at: ' '
line 21:0 token recognition error at: ' '
line 21:1 token recognition error at: ' '
line 21:2 token recognition error at: ' '
line 21:3 token recognition error at: ' '
line 21:4 token recognition error at: ' '
line 21:5 token recognition error at: ' '
line 21:6 token recognition error at: ' '
line 21:7 token recognition error at: ' '
line 21:10 token recognition error at: ' '
line 22:0 token recognition error at: ' '
line 22:1 token recognition error at: ' '
line 22:2 token recognition error at: ' '
line 22:3 token recognition error at: ' '
line 22:4 token recognition error at: ' '
line 22:5 token recognition error at: ' '
line 23:0 token recognition error at: ' '
line 23:1 token recognition error at: ' '
line 23:2 token recognition error at: ' '
line 23:3 token recognition error at: ' '
line 23:4 token recognition error at: ' '
line 23:5 token recognition error at: ' '
line 24:0 token recognition error at: ' '
line 24:1 token recognition error at: ' '
line 24:2 token recognition error at: ' '
line 24:3 token recognition error at: ' '
line 24:4 token recognition error at: ' '
line 24:5 token recognition error at: ' '
line 25:0 token recognition error at: ' '
line 25:1 token recognition error at: ' '
line 25:2 token recognition error at: ' '
line 25:3 token recognition error at: ' '
line 25:4 token recognition error at: ' '
line 25:5 token recognition error at: ' '
line 25:6 token recognition error at: ' '
line 25:7 token recognition error at: ' '
line 25:10 token recognition error at: ' '
line 26:0 token recognition error at: ' '
line 26:1 token recognition error at: ' '
line 26:2 token recognition error at: ' '
line 26:3 token recognition error at: ' '
line 26:4 token recognition error at: ' '
line 26:5 token recognition error at: ' '
line 26:6 token recognition error at: ' '
line 26:7 token recognition error at: ' '
line 27:0 token recognition error at: ' '
line 27:1 token recognition error at: ' '
line 27:2 token recognition error at: ' '
line 27:3 token recognition error at: ' '
line 27:4 token recognition error at: ' '
line 27:5 token recognition error at: ' '
line 27:6 token recognition error at: ' '
line 27:7 token recognition error at: ' '
line 28:0 token recognition error at: ' '
line 28:1 token recognition error at: ' '
line 28:2 token recognition error at: ' '
line 28:3 token recognition error at: ' '
line 28:4 token recognition error at: ' '
line 28:5 token recognition error at: ' '
line 28:6 token recognition error at: ' '
line 28:7 token recognition error at: ' '
line 28:8 token recognition error at: ' '
line 28:9 token recognition error at: ' '
line 28:12 token recognition error at: ' '
line 29:0 token recognition error at: ' '
line 29:1 token recognition error at: ' '
line 29:2 token recognition error at: ' '
line 29:3 token recognition error at: ' '
line 29:4 token recognition error at: ' '
line 29:5 token recognition error at: ' '
line 29:6 token recognition error at: ' '
line 29:7 token recognition error at: ' '
line 30:0 token recognition error at: ' '
line 30:1 token recognition error at: ' '
line 30:2 token recognition error at: ' '
line 30:3 token recognition error at: ' '
line 30:4 token recognition error at: ' '
line 30:5 token recognition error at: ' '
line 30:6 token recognition error at: ' '
line 30:7 token recognition error at: ' '
line 30:10 token recognition error at: ' '
line 31:0 token recognition error at: ' '
line 31:1 token recognition error at: ' '
line 31:2 token recognition error at: ' '
line 31:3 token recognition error at: ' '
line 31:4 token recognition error at: ' '
line 31:5 token recognition error at: ' '
line 32:0 token recognition error at: ' '
line 32:1 token recognition error at: ' '
line 32:2 token recognition error at: ' '
line 32:3 token recognition error at: ' '
line 32:6 token recognition error at: ' '
line 33:0 token recognition error at: ' '
line 33:1 token recognition error at: ' '
line 33:2 token recognition error at: ' '
line 33:3 token recognition error at: ' '
line 33:10 token recognition error at: ' '
line 34:0 token recognition error at: ' '
line 34:1 token recognition error at: ' '
line 1:13 no viable alternative at input '\r'
line 16:15 no viable alternative at input '\r'
line 1:5 token recognition error at: ' '
line 1:10 token recognition error at: ' '
line 3:7 token recognition error at: ' '
line 3:11 token recognition error at: ' '
line 4:7 token recognition error at: ' '
line 4:12 token recognition error at: ' '
line 5:6 token recognition error at: ' '
line 5:13 token recognition error at: ' '
line 5:19 token recognition error at: ' '
line 5:25 token recognition error at: ' '
line 6:7 token recognition error at: ' '
line 6:12 token recognition error at: ' '
line 8:0 token recognition error at: ' '
line 8:1 token recognition error at: ' '
line 8:8 token recognition error at: ' '
line 8:12 token recognition error at: ' '
line 8:19 token recognition error at: ' '
line 9:0 token recognition error at: ' '
line 9:1 token recognition error at: ' '
line 11:0 token recognition error at: ' '
line 11:1 token recognition error at: ' '
line 11:2 token recognition error at: ' '
line 11:3 token recognition error at: ' '
line 11:10 token recognition error at: ' '
line 12:0 token recognition error at: ' '
line 12:1 token recognition error at: ' '
line 1:12 no viable alternative at input '\r'
line 12:3 no viable alternative at input '\r'
line 1:5 token recognition error at: ' '
line 1:10 token recognition error at: ' '
line 3:7 token recognition error at: ' '
line 3:11 token recognition error at: ' '
line 4:7 token recognition error at: ' '
line 4:12 token recognition error at: ' '
line 4:17 token recognition error at: ' '
line 5:6 token recognition error at: ' '
line 5:13 token recognition error at: ' '
line 5:19 token recognition error at: ' '
line 5:25 token recognition error at: ' '
line 7:0 token recognition error at: ' '
line 7:1 token recognition error at: ' '
line 7:8 token recognition error at: ' '
line 7:12 token recognition error at: ' '
line 7:19 token recognition error at: ' '
line 8:0 token recognition error at: ' '
line 8:1 token recognition error at: ' '
line 9:0 token recognition error at: ' '
line 9:1 token recognition error at: ' '
line 9:2 token recognition error at: ' '
line 9:3 token recognition error at: ' '
line 9:7 token recognition error at: ' '
line 10:0 token recognition error at: ' '
line 10:1 token recognition error at: ' '
line 10:2 token recognition error at: ' '
line 10:3 token recognition error at: ' '
line 10:8 token recognition error at: ' '
line 11:0 token recognition error at: ' '
line 11:1 token recognition error at: ' '
line 11:2 token recognition error at: ' '
line 11:3 token recognition error at: ' '
line 12:0 token recognition error at: ' '
line 12:1 token recognition error at: ' '
line 12:2 token recognition error at: ' '
line 12:3 token recognition error at: ' '
line 12:5 token recognition error at: ' '
line 12:7 token recognition error at: ' '
line 12:11 token recognition error at: ' '
line 13:0 token recognition error at: ' '
line 13:1 token recognition error at: ' '
line 13:2 token recognition error at: ' '
line 13:3 token recognition error at: ' '
line 13:5 token recognition error at: ' '
line 13:7 token recognition error at: ' '
line 13:9 token recognition error at: ' '
line 13:11 token recognition error at: ' '
line 15:0 token recognition error at: ' '
line 15:1 token recognition error at: ' '
line 15:2 token recognition error at: ' '
line 15:3 token recognition error at: ' '
line 15:4 token recognition error at: ' '
line 15:6 token recognition error at: ' '
line 15:8 token recognition error at: ' '
line 17:0 token recognition error at: ' '
line 17:1 token recognition error at: ' '
line 17:2 token recognition error at: ' '
line 17:3 token recognition error at: ' '
line 17:4 token recognition error at: ' '
line 18:0 token recognition error at: ' '
line 18:1 token recognition error at: ' '
line 18:2 token recognition error at: ' '
line 18:3 token recognition error at: ' '
line 18:5 token recognition error at: ' '
line 18:7 token recognition error at: ' '
line 18:11 token recognition error at: ' '
line 19:0 token recognition error at: ' '
line 19:1 token recognition error at: ' '
line 19:2 token recognition error at: ' '
line 19:3 token recognition error at: ' '
line 20:0 token recognition error at: ' '
line 20:1 token recognition error at: ' '
line 20:2 token recognition error at: ' '
line 20:3 token recognition error at: ' '
line 20:9 token recognition error at: ' '
line 20:11 token recognition error at: ' '
line 20:12 token recognition error at: ' '
line 20:13 token recognition error at: ' '
line 20:14 token recognition error at: ' '
line 20:15 token recognition error at: ' '
line 20:16 token recognition error at: ' '
line 20:17 token recognition error at: ' '
line 20:18 token recognition error at: ' '
line 20:19 token recognition error at: ' '
line 20:20 token recognition error at: ' '
line 20:21 token recognition error at: ' '
line 20:22 token recognition error at: ' '
line 20:23 token recognition error at: ' '
line 20:24 token recognition error at: ' '
line 20:25 token recognition error at: ' '
line 20:31 token recognition error at: ' '
line 21:0 token recognition error at: ' '
line 22:0 token recognition error at: ' '
line 22:1 token recognition error at: ' '
line 22:2 token recognition error at: ' '
line 22:3 token recognition error at: ' '
line 22:9 token recognition error at: ' '
line 22:11 token recognition error at: ' '
line 22:15 token recognition error at: ' '
line 23:0 token recognition error at: ' '
line 23:1 token recognition error at: ' '
line 23:2 token recognition error at: ' '
line 23:3 token recognition error at: ' '
line 24:0 token recognition error at: ' '
line 24:1 token recognition error at: ' '
line 24:2 token recognition error at: ' '
line 24:3 token recognition error at: ' '
line 24:10 token recognition error at: ' '
line 25:0 token recognition error at: ' '
line 25:1 token recognition error at: ' '
line 1:12 no viable alternative at input '\r'
line 25:3 no viable alternative at input '\r'
line 1:5 token recognition error at: ' '
line 1:10 token recognition error at: ' '
line 2:6 token recognition error at: ' '
line 2:10 token recognition error at: ' '
line 4:0 token recognition error at: ' '
line 4:1 token recognition error at: ' '
line 4:5 token recognition error at: ' '
line 4:8 token recognition error at: ' '
line 4:11 token recognition error at: ' '
line 5:0 token recognition error at: ' '
line 5:1 token recognition error at: ' '
line 6:0 token recognition error at: ' '
line 6:1 token recognition error at: ' '
line 6:8 token recognition error at: ' '
line 7:0 token recognition error at: ' '
line 7:1 token recognition error at: ' '
line 8:0 token recognition error at: ' '
line 8:1 token recognition error at: ' '
line 8:3 token recognition error at: ' '
line 8:5 token recognition error at: ' '
line 9:0 token recognition error at: ' '
line 9:1 token recognition error at: ' '
line 9:6 token recognition error at: ' '
line 9:8 token recognition error at: ' '
line 10:0 token recognition error at: ' '
line 10:1 token recognition error at: ' '
line 10:3 token recognition error at: ' '
line 10:5 token recognition error at: ' '
line 12:0 token recognition error at: ' '
line 12:1 token recognition error at: ' '
line 12:8 token recognition error at: ' '
line 1:12 no viable alternative at input '\r'
line 13:1 no viable alternative at input '\r'
line 1:5 token recognition error at: ' '
line 1:10 token recognition error at: ' '
line 2:6 token recognition error at: ' '
line 2:10 token recognition error at: ' '
line 4:0 token recognition error at: ' '
line 4:1 token recognition error at: ' '
line 4:5 token recognition error at: ' '
line 4:8 token recognition error at: ' '
line 4:11 token recognition error at: ' '
line 5:0 token recognition error at: ' '
line 5:1 token recognition error at: ' '
line 5:8 token recognition error at: ' '
line 6:0 token recognition error at: ' '
line 6:1 token recognition error at: ' '
line 7:0 token recognition error at: ' '
line 7:1 token recognition error at: ' '
line 7:3 token recognition error at: ' '
line 7:5 token recognition error at: ' '
line 8:0 token recognition error at: ' '
line 8:1 token recognition error at: ' '
line 8:6 token recognition error at: ' '
line 8:8 token recognition error at: ' '
line 9:0 token recognition error at: ' '
line 9:1 token recognition error at: ' '
line 9:3 token recognition error at: ' '
line 10:0 token recognition error at: ' '
line 10:1 token recognition error at: ' '
line 10:3 token recognition error at: ' '
line 10:5 token recognition error at: ' '
line 12:0 token recognition error at: ' '
line 12:1 token recognition error at: ' '
line 12:8 token recognition error at: ' '
line 1:12 no viable alternative at input '\r'
line 13:1 no viable alternative at input '\r'
line 1:5 token recognition error at: ' '
line 1:10 token recognition error at: ' '
line 5:6 token recognition error at: ' '
line 5:10 token recognition error at: ' '
line 7:7 token recognition error at: ' '
line 1:12 no viable alternative at input '\r'
line 8:1 no viable alternative at input '\r'
line 1:5 token recognition error at: ' '
line 3:6 token recognition error at: ' '
line 3:10 token recognition error at: ' '
line 3:18 token recognition error at: ' '
line 3:21 token recognition error at: ' '
line 3:25 token recognition error at: ' '
line 4:0 token recognition error at: ' '
line 4:1 token recognition error at: ' '
line 4:5 token recognition error at: ' '
line 5:0 token recognition error at: ' '
line 5:1 token recognition error at: ' '
line 5:5 token recognition error at: ' '
line 6:0 token recognition error at: ' '
line 6:1 token recognition error at: ' '
line 6:8 token recognition error at: ' '
line 1:11 mismatched input '\r' expecting '{'
line 1:5 token recognition error at: ' '
line 3:6 token recognition error at: ' '
line 3:10 token recognition error at: ' '
line 3:18 token recognition error at: ' '
line 3:21 token recognition error at: ' '
line 3:25 token recognition error at: ' '
line 4:0 token recognition error at: ' '
line 4:1 token recognition error at: ' '
line 4:5 token recognition error at: ' '
line 5:0 token recognition error at: ' '
line 5:1 token recognition error at: ' '
line 5:8 token recognition error at: ' '
line 8:3 token recognition error at: ' '
line 9:0 token recognition error at: ' '
line 9:1 token recognition error at: ' '
line 9:8 token recognition error at: ' '
line 1:11 mismatched input '\r' expecting '{'
line 1:5 token recognition error at: ' '
line 1:10 token recognition error at: ' '
line 2:6 token recognition error at: ' '
line 2:10 token recognition error at: ' '
line 2:17 token recognition error at: ' '
line 4:0 token recognition error at: ' '
line 4:1 token recognition error at: ' '
line 4:5 token recognition error at: ' '
line 4:7 token recognition error at: ' '
line 6:0 token recognition error at: ' '
line 6:1 token recognition error at: ' '
line 6:6 token recognition error at: ' '
line 6:8 token recognition error at: ' '
line 7:0 token recognition error at: ' '
line 7:1 token recognition error at: ' '
line 8:0 token recognition error at: ' '
line 8:1 token recognition error at: ' '
line 8:8 token recognition error at: ' '
line 1:12 no viable alternative at input '\r'
line 9:1 no viable alternative at input '\r'
line 1:5 token recognition error at: ' '
line 1:10 token recognition error at: ' '
line 2:6 token recognition error at: ' '
line 2:10 token recognition error at: ' '
line 2:17 token recognition error at: ' '
line 4:0 token recognition error at: ' '
line 4:1 token recognition error at: ' '
line 4:5 token recognition error at: ' '
line 4:7 token recognition error at: ' '
line 6:0 token recognition error at: ' '
line 6:1 token recognition error at: ' '
line 6:6 token recognition error at: ' '
line 6:8 token recognition error at: ' '
line 7:0 token recognition error at: ' '
line 7:1 token recognition error at: ' '
line 8:0 token recognition error at: ' '
line 8:1 token recognition error at: ' '
line 8:8 token recognition error at: ' '
line 1:12 no viable alternative at input '\r'
line 9:1 no viable alternative at input '\r'
line 1:5 token recognition error at: ' '
line 1:10 token recognition error at: ' '
line 2:6 token recognition error at: ' '
line 2:10 token recognition error at: ' '
line 2:17 token recognition error at: ' '
line 4:0 token recognition error at: ' '
line 4:1 token recognition error at: ' '
line 4:5 token recognition error at: ' '
line 4:7 token recognition error at: ' '
line 5:0 token recognition error at: ' '
line 5:1 token recognition error at: ' '
line 6:0 token recognition error at: ' '
line 6:1 token recognition error at: ' '
line 6:5 token recognition error at: ' '
line 6:7 token recognition error at: ' '
line 7:0 token recognition error at: ' '
line 7:1 token recognition error at: ' '
line 8:0 token recognition error at: ' '
line 8:1 token recognition error at: ' '
line 8:8 token recognition error at: ' '
line 1:12 no viable alternative at input '\r'
line 9:1 no viable alternative at input '\r'
line 1:5 token recognition error at: ' '
line 1:10 token recognition error at: ' '
line 2:6 token recognition error at: ' '
line 2:10 token recognition error at: ' '
line 2:17 token recognition error at: ' '
line 4:0 token recognition error at: ' '
line 4:1 token recognition error at: ' '
line 4:5 token recognition error at: ' '
line 4:7 token recognition error at: ' '
line 5:0 token recognition error at: ' '
line 5:1 token recognition error at: ' '
line 1:12 no viable alternative at input '\r'
line 6:1 no viable alternative at input '\r'
line 1:5 token recognition error at: ' '
line 1:10 token recognition error at: ' '
line 2:6 token recognition error at: ' '
line 2:10 token recognition error at: ' '
line 2:17 token recognition error at: ' '
line 3:0 token recognition error at: ' '
line 3:1 token recognition error at: ' '
line 3:6 token recognition error at: ' '
line 3:8 token recognition error at: ' '
line 4:0 token recognition error at: ' '
line 4:1 token recognition error at: ' '
line 4:8 token recognition error at: ' '
line 1:12 no viable alternative at input '\r'
line 5:1 no viable alternative at input '\r'
line 1:5 token recognition error at: ' '
line 1:10 token recognition error at: ' '
line 2:6 token recognition error at: ' '
line 2:10 token recognition error at: ' '
line 2:17 token recognition error at: ' '
line 3:0 token recognition error at: ' '
line 3:1 token recognition error at: ' '
line 3:4 token recognition error at: ' '
line 3:6 token recognition error at: ' '
line 4:0 token recognition error at: ' '
line 4:1 token recognition error at: ' '
line 4:8 token recognition error at: ' '
line 1:12 no viable alternative at input '\r'
line 5:1 no viable alternative at input '\r'
line 1:5 token recognition error at: ' '
line 3:0 token recognition error at: ' '
line 3:1 token recognition error at: ' '
line 3:5 token recognition error at: ' '
line 4:0 token recognition error at: ' '
line 4:1 token recognition error at: ' '
line 5:0 token recognition error at: ' '
line 5:1 token recognition error at: ' '
line 5:8 token recognition error at: ' '
line 5:12 token recognition error at: ' '
line 6:0 token recognition error at: ' '
line 6:1 token recognition error at: ' '
line 7:0 token recognition error at: ' '
line 7:1 token recognition error at: ' '
line 7:2 token recognition error at: ' '
line 7:3 token recognition error at: ' '
line 7:10 token recognition error at: ' '
line 8:0 token recognition error at: ' '
line 8:1 token recognition error at: ' '
line 1:11 mismatched input '\r' expecting '{'
line 1:5 token recognition error at: ' '
line 3:0 token recognition error at: ' '
line 3:1 token recognition error at: ' '
line 4:0 token recognition error at: ' '
line 4:1 token recognition error at: ' '
line 4:8 token recognition error at: ' '
line 4:12 token recognition error at: ' '
line 5:0 token recognition error at: ' '
line 5:1 token recognition error at: ' '
line 6:0 token recognition error at: ' '
line 6:1 token recognition error at: ' '
line 6:2 token recognition error at: ' '
line 6:3 token recognition error at: ' '
line 6:10 token recognition error at: ' '
line 7:0 token recognition error at: ' '
line 7:1 token recognition error at: ' '
line 10:5 token recognition error at: ' '
line 10:10 token recognition error at: ' '
line 11:6 token recognition error at: ' '
line 11:10 token recognition error at: ' '
line 13:0 token recognition error at: ' '
line 13:1 token recognition error at: ' '
line 13:2 token recognition error at: ' '
line 13:3 token recognition error at: ' '
line 13:10 token recognition error at: ' '
line 1:10 mismatched input '\r' expecting '{'
line 10:12 no viable alternative at input '\r'
line 14:1 no viable alternative at input '\r'
line 1:5 token recognition error at: ' '
line 3:0 token recognition error at: ' '
line 3:1 token recognition error at: ' '
line 3:8 token recognition error at: ' '
line 3:12 token recognition error at: ' '
line 4:0 token recognition error at: ' '
line 4:1 token recognition error at: ' '
line 5:0 token recognition error at: ' '
line 5:1 token recognition error at: ' '
line 5:2 token recognition error at: ' '
line 5:3 token recognition error at: ' '
line 5:10 token recognition error at: ' '
line 6:0 token recognition error at: ' '
line 6:1 token recognition error at: ' '
line 9:5 token recognition error at: ' '
line 9:10 token recognition error at: ' '
line 10:6 token recognition error at: ' '
line 10:10 token recognition error at: ' '
line 12:0 token recognition error at: ' '
line 12:1 token recognition error at: ' '
line 13:0 token recognition error at: ' '
line 13:1 token recognition error at: ' '
line 14:0 token recognition error at: ' '
line 14:1 token recognition error at: ' '
line 14:2 token recognition error at: ' '
line 14:3 token recognition error at: ' '
line 14:5 token recognition error at: ' '
line 14:7 token recognition error at: ' '
line 15:0 token recognition error at: ' '
line 15:1 token recognition error at: ' '
line 16:0 token recognition error at: ' '
line 16:1 token recognition error at: ' '
line 16:8 token recognition error at: ' '
line 1:10 mismatched input '\r' expecting '{'
line 9:12 no viable alternative at input '\r'
line 15:3 no viable alternative at input '\r'
line 1:5 token recognition error at: ' '
line 3:0 token recognition error at: ' '
line 3:1 token recognition error at: ' '
line 3:8 token recognition error at: ' '
line 3:12 token recognition error at: ' '
line 4:0 token recognition error at: ' '
line 4:1 token recognition error at: ' '
line 5:0 token recognition error at: ' '
line 5:1 token recognition error at: ' '
line 5:2 token recognition error at: ' '
line 5:3 token recognition error at: ' '
line 5:10 token recognition error at: ' '
line 6:0 token recognition error at: ' '
line 6:1 token recognition error at: ' '
line 8:5 token recognition error at: ' '
line 8:10 token recognition error at: ' '
line 9:6 token recognition error at: ' '
line 9:10 token recognition error at: ' '
line 11:0 token recognition error at: ' '
line 11:1 token recognition error at: ' '
line 12:0 token recognition error at: ' '
line 12:1 token recognition error at: ' '
line 12:6 token recognition error at: ' '
line 12:8 token recognition error at: ' '
line 13:0 token recognition error at: ' '
line 13:1 token recognition error at: ' '
line 13:2 token recognition error at: ' '
line 13:3 token recognition error at: ' '
line 13:10 token recognition error at: ' '
line 1:10 mismatched input '\r' expecting '{'
line 8:12 no viable alternative at input '\r'
line 14:1 no viable alternative at input '\r'
line 1:5 token recognition error at: ' '
line 2:1 token recognition error at: ' '
line 2:2 token recognition error at: ' '
line 3:0 token recognition error at: ' '
line 3:1 token recognition error at: ' '
line 3:8 token recognition error at: ' '
line 3:12 token recognition error at: ' '
line 4:0 token recognition error at: ' '
line 4:1 token recognition error at: ' '
line 5:0 token recognition error at: ' '
line 5:1 token recognition error at: ' '
line 5:2 token recognition error at: ' '
line 5:3 token recognition error at: ' '
line 5:10 token recognition error at: ' '
line 6:0 token recognition error at: ' '
line 6:1 token recognition error at: ' '
line 8:5 token recognition error at: ' '
line 8:10 token recognition error at: ' '
line 9:6 token recognition error at: ' '
line 9:10 token recognition error at: ' '
line 11:0 token recognition error at: ' '
line 11:1 token recognition error at: ' '
line 12:0 token recognition error at: ' '
line 12:1 token recognition error at: ' '
line 13:0 token recognition error at: ' '
line 13:1 token recognition error at: ' '
line 14:0 token recognition error at: ' '
line 14:1 token recognition error at: ' '
line 14:2 token recognition error at: ' '
line 14:3 token recognition error at: ' '
line 14:5 token recognition error at: ' '
line 14:7 token recognition error at: ' '
line 15:0 token recognition error at: ' '
line 15:1 token recognition error at: ' '
line 17:0 token recognition error at: ' '
line 17:1 token recognition error at: ' '
line 17:8 token recognition error at: ' '
line 1:10 mismatched input '\r' expecting '{'
line 8:12 no viable alternative at input '\r'
line 15:3 no viable alternative at input '\r'
line 1:0 mismatched input '<EOF>' expecting 'class'
line 1:5 token recognition error at: ' '
line 1:11 token recognition error at: ' '
line 2:0 token recognition error at: ' '
line 2:1 token recognition error at: ' '
line 2:8 token recognition error at: ' '
line 2:14 token recognition error at: ' '
line 3:0 token recognition error at: ' '
line 3:1 token recognition error at: ' '
line 4:0 token recognition error at: ' '
line 4:1 token recognition error at: ' '
line 4:8 token recognition error at: ' '
line 4:13 token recognition error at: ' '
line 4:24 token recognition error at: ' '
line 5:0 token recognition error at: ' '
line 5:1 token recognition error at: ' '
line 6:0 token recognition error at: ' '
line 6:1 token recognition error at: ' '
line 6:2 token recognition error at: ' '
line 6:3 token recognition error at: ' '
line 6:8 token recognition error at: ' '
line 6:10 token recognition error at: ' '
line 7:0 token recognition error at: ' '
line 7:1 token recognition error at: ' '
line 7:2 token recognition error at: ' '
line 7:3 token recognition error at: ' '
line 7:10 token recognition error at: ' '
line 8:0 token recognition error at: ' '
line 8:1 token recognition error at: ' '
line 12:5 token recognition error at: ' '
line 14:0 token recognition error at: ' '
line 14:1 token recognition error at: ' '
line 14:8 token recognition error at: ' '
line 14:12 token recognition error at: ' '
line 15:0 token recognition error at: ' '
line 15:1 token recognition error at: ' '
line 15:2 token recognition error at: ' '
line 15:3 token recognition error at: ' '
line 15:9 token recognition error at: ' '
line 16:0 token recognition error at: ' '
line 16:1 token recognition error at: ' '
line 16:2 token recognition error at: ' '
line 16:3 token recognition error at: ' '
line 16:7 token recognition error at: ' '
line 17:0 token recognition error at: ' '
line 17:1 token recognition error at: ' '
line 17:2 token recognition error at: ' '
line 17:3 token recognition error at: ' '
line 18:0 token recognition error at: ' '
line 18:1 token recognition error at: ' '
line 18:2 token recognition error at: ' '
line 18:3 token recognition error at: ' '
line 18:8 token recognition error at: ' '
line 18:10 token recognition error at: ' '
line 18:14 token recognition error at: ' '
line 19:0 token recognition error at: ' '
line 19:1 token recognition error at: ' '
line 19:2 token recognition error at: ' '
line 19:3 token recognition error at: ' '
line 19:7 token recognition error at: ' '
line 19:9 token recognition error at: ' '
line 20:0 token recognition error at: ' '
line 20:1 token recognition error at: ' '
line 20:2 token recognition error at: ' '
line 20:3 token recognition error at: ' '
line 20:10 token recognition error at: ' '
line 21:0 token recognition error at: ' '
line 21:1 token recognition error at: ' '
line 1:13 no viable alternative at input '\r'
line 8:3 no viable alternative at input '\r'
line 1:5 token recognition error at: ' '
line 1:11 token recognition error at: ' '
line 2:0 token recognition error at: ' '
line 2:1 token recognition error at: ' '
line 2:8 token recognition error at: ' '
line 2:14 token recognition error at: ' '
line 3:0 token recognition error at: ' '
line 3:1 token recognition error at: ' '
line 4:0 token recognition error at: ' '
line 4:1 token recognition error at: ' '
line 4:8 token recognition error at: ' '
line 4:13 token recognition error at: ' '
line 4:24 token recognition error at: ' '
line 5:0 token recognition error at: ' '
line 5:1 token recognition error at: ' '
line 6:0 token recognition error at: ' '
line 6:1 token recognition error at: ' '
line 6:2 token recognition error at: ' '
line 6:3 token recognition error at: ' '
line 6:10 token recognition error at: ' '
line 6:12 token recognition error at: ' '
line 7:0 token recognition error at: ' '
line 7:1 token recognition error at: ' '
line 7:2 token recognition error at: ' '
line 7:3 token recognition error at: ' '
line 7:10 token recognition error at: ' '
line 8:0 token recognition error at: ' '
line 8:1 token recognition error at: ' '
line 1:13 no viable alternative at input '\r'
line 8:3 no viable alternative at input '\r'
line 1:5 token recognition error at: ' '
line 1:11 token recognition error at: ' '
line 2:0 token recognition error at: ' '
line 2:1 token recognition error at: ' '
line 2:7 token recognition error at: ' '
line 1:13 no viable alternative at input '\r'
line 3:1 no viable alternative at input '\r'
line 1:5 token recognition error at: ' '
line 1:11 token recognition error at: ' '
line 2:0 token recognition error at: ' '
line 2:1 token recognition error at: ' '
line 2:9 token recognition error at: ' '
line 2:15 token recognition error at: ' '
line 1:13 no viable alternative at input '\r'
line 3:1 no viable alternative at input '\r'
line 1:5 token recognition error at: ' '
line 1:11 token recognition error at: ' '
line 2:0 token recognition error at: ' '
line 2:1 token recognition error at: ' '
line 2:8 token recognition error at: ' '
line 2:14 token recognition error at: ' '
line 3:0 token recognition error at: ' '
line 3:1 token recognition error at: ' '
line 4:0 token recognition error at: ' '
line 4:1 token recognition error at: ' '
line 4:8 token recognition error at: ' '
line 4:13 token recognition error at: ' '
line 4:24 token recognition error at: ' '
line 5:0 token recognition error at: ' '
line 5:1 token recognition error at: ' '
line 6:0 token recognition error at: ' '
line 6:1 token recognition error at: ' '
line 6:2 token recognition error at: ' '
line 6:3 token recognition error at: ' '
line 6:8 token recognition error at: ' '
line 6:10 token recognition error at: ' '
line 7:0 token recognition error at: ' '
line 7:1 token recognition error at: ' '
line 7:2 token recognition error at: ' '
line 7:3 token recognition error at: ' '
line 7:10 token recognition error at: ' '
line 8:0 token recognition error at: ' '
line 8:1 token recognition error at: ' '
line 9:0 token recognition error at: ' '
line 9:1 token recognition error at: ' '
line 10:0 token recognition error at: ' '
line 10:1 token recognition error at: ' '
line 11:0 token recognition error at: ' '
line 11:1 token recognition error at: ' '
line 11:8 token recognition error at: ' '
line 11:12 token recognition error at: ' '
line 11:22 token recognition error at: ' '
line 11:25 token recognition error at: ' '
line 11:29 token recognition error at: ' '
line 12:0 token recognition error at: ' '
line 12:1 token recognition error at: ' '
line 13:0 token recognition error at: ' '
line 13:1 token recognition error at: ' '
line 13:2 token recognition error at: ' '
line 13:3 token recognition error at: ' '
line 13:4 token recognition error at: ' '
line 13:11 token recognition error at: ' '
line 14:0 token recognition error at: ' '
line 14:1 token recognition error at: ' '
line 18:5 token recognition error at: ' '
line 20:0 token recognition error at: ' '
line 20:1 token recognition error at: ' '
line 20:8 token recognition error at: ' '
line 20:12 token recognition error at: ' '
line 21:0 token recognition error at: ' '
line 21:1 token recognition error at: ' '
line 21:2 token recognition error at: ' '
line 21:3 token recognition error at: ' '
line 21:9 token recognition error at: ' '
line 22:0 token recognition error at: ' '
line 22:1 token recognition error at: ' '
line 22:2 token recognition error at: ' '
line 22:3 token recognition error at: ' '
line 22:7 token recognition error at: ' '
line 23:0 token recognition error at: ' '
line 23:1 token recognition error at: ' '
line 23:2 token recognition error at: ' '
line 23:3 token recognition error at: ' '
line 24:0 token recognition error at: ' '
line 24:1 token recognition error at: ' '
line 24:2 token recognition error at: ' '
line 24:3 token recognition error at: ' '
line 24:8 token recognition error at: ' '
line 24:10 token recognition error at: ' '
line 24:14 token recognition error at: ' '
line 25:0 token recognition error at: ' '
line 25:1 token recognition error at: ' '
line 25:2 token recognition error at: ' '
line 25:3 token recognition error at: ' '
line 25:7 token recognition error at: ' '
line 25:9 token recognition error at: ' '
line 25:19 token recognition error at: ' '
line 26:0 token recognition error at: ' '
line 26:1 token recognition error at: ' '
line 26:2 token recognition error at: ' '
line 26:3 token recognition error at: ' '
line 26:10 token recognition error at: ' '
line 27:0 token recognition error at: ' '
line 27:1 token recognition error at: ' '
line 1:13 no viable alternative at input '\r'
line 8:3 no viable alternative at input '\r'
line 1:5 token recognition error at: ' '
line 1:11 token recognition error at: ' '
line 3:0 token recognition error at: ' '
line 3:1 token recognition error at: ' '
line 3:8 token recognition error at: ' '
line 3:12 token recognition error at: ' '
line 3:22 token recognition error at: ' '
line 3:25 token recognition error at: ' '
line 3:32 token recognition error at: ' '
line 3:35 token recognition error at: ' '
line 3:39 token recognition error at: ' '
line 4:0 token recognition error at: ' '
line 4:1 token recognition error at: ' '
line 5:0 token recognition error at: ' '
line 5:1 token recognition error at: ' '
line 5:2 token recognition error at: ' '
line 5:3 token recognition error at: ' '
line 5:10 token recognition error at: ' '
line 6:0 token recognition error at: ' '
line 6:1 token recognition error at: ' '
line 1:13 no viable alternative at input '\r'
line 6:3 no viable alternative at input '\r'
line 1:5 token recognition error at: ' '
line 1:10 token recognition error at: ' '
line 3:0 token recognition error at: ' '
line 3:1 token recognition error at: ' '
line 3:8 token recognition error at: ' '
line 3:12 token recognition error at: ' '
line 3:19 token recognition error at: ' '
line 4:0 token recognition error at: ' '
line 4:1 token recognition error at: ' '
line 5:0 token recognition error at: ' '
line 5:1 token recognition error at: ' '
line 5:2 token recognition error at: ' '
line 5:3 token recognition error at: ' '
line 5:7 token recognition error at: ' '
line 6:0 token recognition error at: ' '
line 6:1 token recognition error at: ' '
line 6:2 token recognition error at: ' '
line 6:3 token recognition error at: ' '
line 6:8 token recognition error at: ' '
line 7:0 token recognition error at: ' '
line 7:1 token recognition error at: ' '
line 7:2 token recognition error at: ' '
line 7:3 token recognition error at: ' '
line 7:7 token recognition error at: ' '
line 7:12 token recognition error at: ' '
line 7:14 token recognition error at: ' '
line 7:18 token recognition error at: ' '
line 8:0 token recognition error at: ' '
line 8:1 token recognition error at: ' '
line 8:2 token recognition error at: ' '
line 8:3 token recognition error at: ' '
line 9:0 token recognition error at: ' '
line 9:1 token recognition error at: ' '
line 9:2 token recognition error at: ' '
line 9:3 token recognition error at: ' '
line 9:10 token recognition error at: ' '
line 10:0 token recognition error at: ' '
line 10:1 token recognition error at: ' '
line 1:12 no viable alternative at input '\r'
line 10:3 no viable alternative at input '\r'
]]></system-err>
</testsuite>
