<?xml version="1.0" encoding="UTF-8" ?>
<testsuite errors="0" failures="28" hostname="Aubay-AndreFernandes" name="at.tugraz.ist.cc.TypeCheckerPublicTest" skipped="0" tests="36" time="0.239" timestamp="2018-03-17T16:34:10">
  <properties>
    <property name="java.vendor" value="Oracle Corporation" />
    <property name="lib.dir" value="lib" />
    <property name="package" value="at/tugraz/ist/cc" />
    <property name="sun.java.launcher" value="SUN_STANDARD" />
    <property name="sun.management.compiler" value="HotSpot 64-Bit Tiered Compilers" />
    <property name="os.name" value="Windows 10" />
    <property name="task1b.dir" value="test/output/parser" />
    <property name="sun.boot.class.path" value="C:\Program Files\Java\jdk1.8.0_161\jre\lib\resources.jar;C:\Program Files\Java\jdk1.8.0_161\jre\lib\rt.jar;C:\Program Files\Java\jdk1.8.0_161\jre\lib\sunrsasign.jar;C:\Program Files\Java\jdk1.8.0_161\jre\lib\jsse.jar;C:\Program Files\Java\jdk1.8.0_161\jre\lib\jce.jar;C:\Program Files\Java\jdk1.8.0_161\jre\lib\charsets.jar;C:\Program Files\Java\jdk1.8.0_161\jre\lib\jfr.jar;C:\Program Files\Java\jdk1.8.0_161\jre\classes" />
    <property name="ant-contrib.lib" value="C:\Users\Aubay\Desktop\Compiler\framework18\lib\ant-contrib-1.0b3.jar" />
    <property name="sun.desktop" value="windows" />
    <property name="java.vm.specification.vendor" value="Oracle Corporation" />
    <property name="ant.home" value="C:\apache-ant-1.10.2" />
    <property name="java.runtime.version" value="1.8.0_161-b12" />
    <property name="grammar" value="Jova" />
    <property name="user.name" value="Aubay" />
    <property name="user.language" value="pt" />
    <property name="sun.boot.library.path" value="C:\Program Files\Java\jdk1.8.0_161\jre\bin" />
    <property name="task1a.dir" value="test/output/lexer" />
    <property name="ant.project.default-target" value="compile" />
    <property name="ant.project.name" value="Compilerbau" />
    <property name="java.version" value="1.8.0_161" />
    <property name="user.timezone" value="" />
    <property name="sun.arch.data.model" value="64" />
    <property name="java.endorsed.dirs" value="C:\Program Files\Java\jdk1.8.0_161\jre\lib\endorsed" />
    <property name="sun.cpu.isalist" value="amd64" />
    <property name="sun.jnu.encoding" value="Cp1252" />
    <property name="file.encoding.pkg" value="sun.io" />
    <property name="file.separator" value="\" />
    <property name="java.specification.name" value="Java Platform API Specification" />
    <property name="java.class.version" value="52.0" />
    <property name="user.country" value="PT" />
    <property name="java.home" value="C:\Program Files\Java\jdk1.8.0_161\jre" />
    <property name="java.vm.info" value="mixed mode" />
    <property name="main-class" value="at.tugraz.ist.cc.Main" />
    <property name="ant.file" value="C:\Users\Aubay\Desktop\Compiler\framework18\build.xml" />
    <property name="os.version" value="10.0" />
    <property name="path.separator" value=";" />
    <property name="java.vm.version" value="25.161-b12" />
    <property name="user.variant" value="" />
    <property name="ant.library.dir" value="C:\apache-ant-1.10.2\lib" />
    <property name="java.awt.printerjob" value="sun.awt.windows.WPrinterJob" />
    <property name="sun.io.unicode.encoding" value="UnicodeLittle" />
    <property name="awt.toolkit" value="sun.awt.windows.WToolkit" />
    <property name="sun.stdout.encoding" value="cp850" />
    <property name="user.script" value="" />
    <property name="user.home" value="C:\Users\Aubay" />
    <property name="task3.dir" value="test/output/bytecode" />
    <property name="java.specification.vendor" value="Oracle Corporation" />
    <property name="jar.file" value="Compilerbau.jar" />
    <property name="junit.dir" value="test" />
    <property name="java.library.path" value="C:\Program Files\Java\jdk1.8.0_161\jre\bin;C:\WINDOWS\Sun\Java\bin;C:\WINDOWS\system32;C:\WINDOWS;C:\Program Files (x86)\Intel\iCLS Client\;C:\Program Files\Intel\iCLS Client\;C:\Windows\system32;C:\Windows;C:\Windows\System32\Wbem;C:\Windows\System32\WindowsPowerShell\v1.0\;C:\Program Files (x86)\Intel\Intel(R) Management Engine Components\DAL;C:\Program Files\Intel\Intel(R) Management Engine Components\DAL;C:\Program Files (x86)\Intel\Intel(R) Management Engine Components\IPT;C:\Program Files\Intel\Intel(R) Management Engine Components\IPT;C:\Program Files (x86)\NVIDIA Corporation\PhysX\Common;C:\Program Files\Microsoft SQL Server\130\Tools\Binn\;C:\Program Files\dotnet\;C:\WINDOWS\system32;C:\WINDOWS;C:\WINDOWS\System32\Wbem;C:\WINDOWS\System32\WindowsPowerShell\v1.0\;C:\Program Files (x86)\Microsoft SQL Server\Client SDK\ODBC\130\Tools\Binn\;C:\Program Files (x86)\Microsoft SQL Server\140\Tools\Binn\;C:\Program Files (x86)\Microsoft SQL Server\140\DTS\Binn\;C:\Program Files (x86)\Microsoft SQL Server\140\Tools\Binn\ManagementStudio\;C:\ProgramData\chocolatey\bin;C:\Program Files\Git\cmd;C:\apache-ant-1.10.2\bin;%JAVA_HOME%\bin\java.exe;C:\Users\Aubay\AppData\Local\Programs\Python\Python36-32\Scripts\;C:\Users\Aubay\AppData\Local\Programs\Python\Python36-32\;C:\Users\Aubay\AppData\Local\Microsoft\WindowsApps;C:\Users\Aubay\AppData\Local\Programs\Fiddler;&quot;C:\Program Files\Oracle\VirtualBox;C:\Program Files\Sublime Text 3&quot;;C:\Program Files\Microsoft VS Code\bin;C:\Users\Aubay\AppData\Local\Microsoft\WindowsApps;C:\Program Files\Java\jdk1.8.0_161\bin;;." />
    <property name="java.vendor.url" value="http://java.oracle.com/" />
    <property name="ant.file.Compilerbau" value="C:\Users\Aubay\Desktop\Compiler\framework18\build.xml" />
    <property name="bin.dir" value="bin" />
    <property name="java.vm.vendor" value="Oracle Corporation" />
    <property name="java.runtime.name" value="Java(TM) SE Runtime Environment" />
    <property name="sun.java.command" value="org.apache.tools.ant.taskdefs.optional.junit.JUnitTestRunner at.tugraz.ist.cc.TypeCheckerPublicTest skipNonTests=false filtertrace=true haltOnError=false haltOnFailure=false showoutput=false outputtoformatters=true logfailedtests=true threadid=0 logtestlistenerevents=false formatter=org.apache.tools.ant.taskdefs.optional.junit.XMLJUnitResultFormatter,C:\Users\Aubay\Desktop\Compiler\framework18\test\output\TEST-at.tugraz.ist.cc.TypeCheckerPublicTest.xml crashfile=C:\Users\Aubay\Desktop\Compiler\framework18\junitvmwatcher8039862736526537584.properties propsfile=C:\Users\Aubay\Desktop\Compiler\framework18\junit5176681434914233410.properties" />
    <property name="java.class.path" value="C:\Users\Aubay\Desktop\Compiler\framework18\lib\junit-4.12.jar;C:\Users\Aubay\Desktop\Compiler\framework18\lib\antlr-4.5-complete.jar;C:\Users\Aubay\Desktop\Compiler\framework18\lib\jasmin.jar;C:\Users\Aubay\Desktop\Compiler\framework18\bin;C:\Javalib\antlr-4.5.3-complete.jar;C:\apache-ant-1.10.2\lib\ant-launcher.jar;C:\apache-ant-1.10.2\lib\ant.jar;C:\apache-ant-1.10.2\lib\ant-junit.jar;C:\apache-ant-1.10.2\lib\ant-junit4.jar" />
    <property name="ant.version" value="Apache Ant(TM) version 1.10.2 compiled on February 3 2018" />
    <property name="java.vm.specification.name" value="Java Virtual Machine Specification" />
    <property name="ant.file.type" value="file" />
    <property name="java.vm.specification.version" value="1.8" />
    <property name="sun.cpu.endian" value="little" />
    <property name="sun.os.patch.level" value="" />
    <property name="java.io.tmpdir" value="C:\Users\Aubay\AppData\Local\Temp\" />
    <property name="java.vendor.url.bug" value="http://bugreport.sun.com/bugreport/" />
    <property name="task2.dir" value="test/output/typeChecking" />
    <property name="os.arch" value="amd64" />
    <property name="java.awt.graphicsenv" value="sun.awt.Win32GraphicsEnvironment" />
    <property name="java.ext.dirs" value="C:\Program Files\Java\jdk1.8.0_161\jre\lib\ext;C:\WINDOWS\Sun\Java\lib\ext" />
    <property name="user.dir" value="C:\Users\Aubay\Desktop\Compiler\framework18" />
    <property name="antlr.dir" value="antlr" />
    <property name="line.separator" value="&#xd;&#xa;" />
    <property name="java.vm.name" value="Java HotSpot(TM) 64-Bit Server VM" />
    <property name="ant.file.type.Compilerbau" value="file" />
    <property name="basedir" value="C:\Users\Aubay\Desktop\Compiler\framework18" />
    <property name="analyzer.dir" value="antlr/gen" />
    <property name="ant.java.version" value="1.8" />
    <property name="ant.core.lib" value="C:\apache-ant-1.10.2\lib\ant.jar" />
    <property name="file.encoding" value="Cp1252" />
    <property name="sun.stderr.encoding" value="cp850" />
    <property name="java.specification.version" value="1.8" />
    <property name="src.dir" value="src" />
    <property name="ant.project.invoked-targets" value="run-junit" />
    <property name="grammar.file" value="Jova.g4" />
    <property name="out.dir" value="test/output" />
  </properties>
  <testcase classname="at.tugraz.ist.cc.TypeCheckerPublicTest" name="testFail01" time="0.005">
    <failure message="expected:&lt;1&gt; but was:&lt;0&gt;" type="junit.framework.AssertionFailedError">junit.framework.AssertionFailedError: expected:&lt;1&gt; but was:&lt;0&gt;
	at at.tugraz.ist.cc.TypeCheckerPublicTest.testFail01(Unknown Source)
</failure>
  </testcase>
  <testcase classname="at.tugraz.ist.cc.TypeCheckerPublicTest" name="testFail02" time="0.0">
    <failure message="expected:&lt;1&gt; but was:&lt;0&gt;" type="junit.framework.AssertionFailedError">junit.framework.AssertionFailedError: expected:&lt;1&gt; but was:&lt;0&gt;
	at at.tugraz.ist.cc.TypeCheckerPublicTest.testFail02(Unknown Source)
</failure>
  </testcase>
  <testcase classname="at.tugraz.ist.cc.TypeCheckerPublicTest" name="testFail03" time="0.0">
    <failure message="expected:&lt;1&gt; but was:&lt;0&gt;" type="junit.framework.AssertionFailedError">junit.framework.AssertionFailedError: expected:&lt;1&gt; but was:&lt;0&gt;
	at at.tugraz.ist.cc.TypeCheckerPublicTest.testFail03(Unknown Source)
</failure>
  </testcase>
  <testcase classname="at.tugraz.ist.cc.TypeCheckerPublicTest" name="testFail04" time="0.0">
    <failure message="expected:&lt;1&gt; but was:&lt;0&gt;" type="junit.framework.AssertionFailedError">junit.framework.AssertionFailedError: expected:&lt;1&gt; but was:&lt;0&gt;
	at at.tugraz.ist.cc.TypeCheckerPublicTest.testFail04(Unknown Source)
</failure>
  </testcase>
  <testcase classname="at.tugraz.ist.cc.TypeCheckerPublicTest" name="testFail05" time="0.001">
    <failure message="expected:&lt;1&gt; but was:&lt;0&gt;" type="junit.framework.AssertionFailedError">junit.framework.AssertionFailedError: expected:&lt;1&gt; but was:&lt;0&gt;
	at at.tugraz.ist.cc.TypeCheckerPublicTest.testFail05(Unknown Source)
</failure>
  </testcase>
  <testcase classname="at.tugraz.ist.cc.TypeCheckerPublicTest" name="testFail06" time="0.001">
    <failure message="expected:&lt;1&gt; but was:&lt;0&gt;" type="junit.framework.AssertionFailedError">junit.framework.AssertionFailedError: expected:&lt;1&gt; but was:&lt;0&gt;
	at at.tugraz.ist.cc.TypeCheckerPublicTest.testFail06(Unknown Source)
</failure>
  </testcase>
  <testcase classname="at.tugraz.ist.cc.TypeCheckerPublicTest" name="testFail07" time="0.0">
    <failure message="expected:&lt;1&gt; but was:&lt;0&gt;" type="junit.framework.AssertionFailedError">junit.framework.AssertionFailedError: expected:&lt;1&gt; but was:&lt;0&gt;
	at at.tugraz.ist.cc.TypeCheckerPublicTest.testFail07(Unknown Source)
</failure>
  </testcase>
  <testcase classname="at.tugraz.ist.cc.TypeCheckerPublicTest" name="testFail08" time="0.0">
    <failure message="expected:&lt;1&gt; but was:&lt;0&gt;" type="junit.framework.AssertionFailedError">junit.framework.AssertionFailedError: expected:&lt;1&gt; but was:&lt;0&gt;
	at at.tugraz.ist.cc.TypeCheckerPublicTest.testFail08(Unknown Source)
</failure>
  </testcase>
  <testcase classname="at.tugraz.ist.cc.TypeCheckerPublicTest" name="testFail09" time="0.001">
    <failure message="expected:&lt;1&gt; but was:&lt;0&gt;" type="junit.framework.AssertionFailedError">junit.framework.AssertionFailedError: expected:&lt;1&gt; but was:&lt;0&gt;
	at at.tugraz.ist.cc.TypeCheckerPublicTest.testFail09(Unknown Source)
</failure>
  </testcase>
  <testcase classname="at.tugraz.ist.cc.TypeCheckerPublicTest" name="testFail10" time="0.001">
    <failure message="expected:&lt;1&gt; but was:&lt;0&gt;" type="junit.framework.AssertionFailedError">junit.framework.AssertionFailedError: expected:&lt;1&gt; but was:&lt;0&gt;
	at at.tugraz.ist.cc.TypeCheckerPublicTest.testFail10(Unknown Source)
</failure>
  </testcase>
  <testcase classname="at.tugraz.ist.cc.TypeCheckerPublicTest" name="testFail11" time="0.0">
    <failure message="expected:&lt;1&gt; but was:&lt;0&gt;" type="junit.framework.AssertionFailedError">junit.framework.AssertionFailedError: expected:&lt;1&gt; but was:&lt;0&gt;
	at at.tugraz.ist.cc.TypeCheckerPublicTest.testFail11(Unknown Source)
</failure>
  </testcase>
  <testcase classname="at.tugraz.ist.cc.TypeCheckerPublicTest" name="testFail12" time="0.0">
    <failure message="expected:&lt;1&gt; but was:&lt;0&gt;" type="junit.framework.AssertionFailedError">junit.framework.AssertionFailedError: expected:&lt;1&gt; but was:&lt;0&gt;
	at at.tugraz.ist.cc.TypeCheckerPublicTest.testFail12(Unknown Source)
</failure>
  </testcase>
  <testcase classname="at.tugraz.ist.cc.TypeCheckerPublicTest" name="testFail13" time="0.0">
    <failure message="expected:&lt;1&gt; but was:&lt;0&gt;" type="junit.framework.AssertionFailedError">junit.framework.AssertionFailedError: expected:&lt;1&gt; but was:&lt;0&gt;
	at at.tugraz.ist.cc.TypeCheckerPublicTest.testFail13(Unknown Source)
</failure>
  </testcase>
  <testcase classname="at.tugraz.ist.cc.TypeCheckerPublicTest" name="testFail14" time="0.0">
    <failure message="expected:&lt;1&gt; but was:&lt;0&gt;" type="junit.framework.AssertionFailedError">junit.framework.AssertionFailedError: expected:&lt;1&gt; but was:&lt;0&gt;
	at at.tugraz.ist.cc.TypeCheckerPublicTest.testFail14(Unknown Source)
</failure>
  </testcase>
  <testcase classname="at.tugraz.ist.cc.TypeCheckerPublicTest" name="testFail15" time="0.001">
    <failure message="expected:&lt;1&gt; but was:&lt;0&gt;" type="junit.framework.AssertionFailedError">junit.framework.AssertionFailedError: expected:&lt;1&gt; but was:&lt;0&gt;
	at at.tugraz.ist.cc.TypeCheckerPublicTest.testFail15(Unknown Source)
</failure>
  </testcase>
  <testcase classname="at.tugraz.ist.cc.TypeCheckerPublicTest" name="testFail16" time="0.001">
    <failure message="expected:&lt;1&gt; but was:&lt;0&gt;" type="junit.framework.AssertionFailedError">junit.framework.AssertionFailedError: expected:&lt;1&gt; but was:&lt;0&gt;
	at at.tugraz.ist.cc.TypeCheckerPublicTest.testFail16(Unknown Source)
</failure>
  </testcase>
  <testcase classname="at.tugraz.ist.cc.TypeCheckerPublicTest" name="testFail17" time="0.0">
    <failure message="expected:&lt;1&gt; but was:&lt;0&gt;" type="junit.framework.AssertionFailedError">junit.framework.AssertionFailedError: expected:&lt;1&gt; but was:&lt;0&gt;
	at at.tugraz.ist.cc.TypeCheckerPublicTest.testFail17(Unknown Source)
</failure>
  </testcase>
  <testcase classname="at.tugraz.ist.cc.TypeCheckerPublicTest" name="testFail18" time="0.0">
    <failure message="expected:&lt;1&gt; but was:&lt;0&gt;" type="junit.framework.AssertionFailedError">junit.framework.AssertionFailedError: expected:&lt;1&gt; but was:&lt;0&gt;
	at at.tugraz.ist.cc.TypeCheckerPublicTest.testFail18(Unknown Source)
</failure>
  </testcase>
  <testcase classname="at.tugraz.ist.cc.TypeCheckerPublicTest" name="testFail19" time="0.001">
    <failure message="expected:&lt;1&gt; but was:&lt;0&gt;" type="junit.framework.AssertionFailedError">junit.framework.AssertionFailedError: expected:&lt;1&gt; but was:&lt;0&gt;
	at at.tugraz.ist.cc.TypeCheckerPublicTest.testFail19(Unknown Source)
</failure>
  </testcase>
  <testcase classname="at.tugraz.ist.cc.TypeCheckerPublicTest" name="testFail20" time="0.001">
    <failure message="expected:&lt;1&gt; but was:&lt;0&gt;" type="junit.framework.AssertionFailedError">junit.framework.AssertionFailedError: expected:&lt;1&gt; but was:&lt;0&gt;
	at at.tugraz.ist.cc.TypeCheckerPublicTest.testFail20(Unknown Source)
</failure>
  </testcase>
  <testcase classname="at.tugraz.ist.cc.TypeCheckerPublicTest" name="testFail21" time="0.0">
    <failure message="expected:&lt;1&gt; but was:&lt;0&gt;" type="junit.framework.AssertionFailedError">junit.framework.AssertionFailedError: expected:&lt;1&gt; but was:&lt;0&gt;
	at at.tugraz.ist.cc.TypeCheckerPublicTest.testFail21(Unknown Source)
</failure>
  </testcase>
  <testcase classname="at.tugraz.ist.cc.TypeCheckerPublicTest" name="testFail22" time="0.001">
    <failure message="expected:&lt;1&gt; but was:&lt;0&gt;" type="junit.framework.AssertionFailedError">junit.framework.AssertionFailedError: expected:&lt;1&gt; but was:&lt;0&gt;
	at at.tugraz.ist.cc.TypeCheckerPublicTest.testFail22(Unknown Source)
</failure>
  </testcase>
  <testcase classname="at.tugraz.ist.cc.TypeCheckerPublicTest" name="testFail23" time="0.001">
    <failure message="expected:&lt;1&gt; but was:&lt;0&gt;" type="junit.framework.AssertionFailedError">junit.framework.AssertionFailedError: expected:&lt;1&gt; but was:&lt;0&gt;
	at at.tugraz.ist.cc.TypeCheckerPublicTest.testFail23(Unknown Source)
</failure>
  </testcase>
  <testcase classname="at.tugraz.ist.cc.TypeCheckerPublicTest" name="testFail24" time="0.0">
    <failure message="expected:&lt;1&gt; but was:&lt;0&gt;" type="junit.framework.AssertionFailedError">junit.framework.AssertionFailedError: expected:&lt;1&gt; but was:&lt;0&gt;
	at at.tugraz.ist.cc.TypeCheckerPublicTest.testFail24(Unknown Source)
</failure>
  </testcase>
  <testcase classname="at.tugraz.ist.cc.TypeCheckerPublicTest" name="testFail25" time="0.0">
    <failure message="expected:&lt;1&gt; but was:&lt;0&gt;" type="junit.framework.AssertionFailedError">junit.framework.AssertionFailedError: expected:&lt;1&gt; but was:&lt;0&gt;
	at at.tugraz.ist.cc.TypeCheckerPublicTest.testFail25(Unknown Source)
</failure>
  </testcase>
  <testcase classname="at.tugraz.ist.cc.TypeCheckerPublicTest" name="testFail26" time="0.0">
    <failure message="expected:&lt;1&gt; but was:&lt;0&gt;" type="junit.framework.AssertionFailedError">junit.framework.AssertionFailedError: expected:&lt;1&gt; but was:&lt;0&gt;
	at at.tugraz.ist.cc.TypeCheckerPublicTest.testFail26(Unknown Source)
</failure>
  </testcase>
  <testcase classname="at.tugraz.ist.cc.TypeCheckerPublicTest" name="testFail27" time="0.0">
    <failure message="expected:&lt;1&gt; but was:&lt;0&gt;" type="junit.framework.AssertionFailedError">junit.framework.AssertionFailedError: expected:&lt;1&gt; but was:&lt;0&gt;
	at at.tugraz.ist.cc.TypeCheckerPublicTest.testFail27(Unknown Source)
</failure>
  </testcase>
  <testcase classname="at.tugraz.ist.cc.TypeCheckerPublicTest" name="testFail28" time="0.0">
    <failure message="expected:&lt;1&gt; but was:&lt;0&gt;" type="junit.framework.AssertionFailedError">junit.framework.AssertionFailedError: expected:&lt;1&gt; but was:&lt;0&gt;
	at at.tugraz.ist.cc.TypeCheckerPublicTest.testFail28(Unknown Source)
</failure>
  </testcase>
  <testcase classname="at.tugraz.ist.cc.TypeCheckerPublicTest" name="testPass01" time="0.0" />
  <testcase classname="at.tugraz.ist.cc.TypeCheckerPublicTest" name="testPass02" time="0.0" />
  <testcase classname="at.tugraz.ist.cc.TypeCheckerPublicTest" name="testPass03" time="0.0" />
  <testcase classname="at.tugraz.ist.cc.TypeCheckerPublicTest" name="testPass04" time="0.0" />
  <testcase classname="at.tugraz.ist.cc.TypeCheckerPublicTest" name="testPass05" time="0.0" />
  <testcase classname="at.tugraz.ist.cc.TypeCheckerPublicTest" name="testPass06" time="0.0" />
  <testcase classname="at.tugraz.ist.cc.TypeCheckerPublicTest" name="testPass07" time="0.0" />
  <testcase classname="at.tugraz.ist.cc.TypeCheckerPublicTest" name="testPass08" time="0.0" />
  <system-out><![CDATA[]]></system-out>
  <system-err><![CDATA[]]></system-err>
</testsuite>
