<?xml version="1.0" encoding="UTF-8" ?>
<testsuite errors="0" failures="0" hostname="eli" name="at.tugraz.ist.cc.Example1Test" skipped="0" tests="1" time="0.374" timestamp="2018-03-17T15:27:12">
  <properties>
[...]
</properties>
  <testcase classname="at.tugraz.ist.cc.Example1Test" name="testExample_1" time="0.148" />
  <system-out><![CDATA[
1: KEY_BEGIN
2: ID ID ID ID
3: NUMBER NUMBER NUMBER
4: STRING_LIT STRING_LIT
5: ADD MUL EQ
6: KEY_END
]]></system-out>
  <system-err><![CDATA[line 2:4 missing '=' at 'bar'
line 2:8 mismatched input 'baz' expecting {';', '+', '*'}
line 2:12 missing '=' at 'beginning'
line 3:0 mismatched input '0' expecting {';', '+', '*'}
]]></system-err>
</testsuite>
